Using pre-set license
Built from '2020.3/staging' branch; Version is '2020.3.22f1 (e1a7f79fd887) revision 14788599'; Using compiler version '192528614'; Build Type 'Release'
OS: 'Windows 10 Home; OS build 19043.1348; Version 2009; 64bit' Language: 'en' Physical Memory: 16230 MB
BatchMode: 1, IsHumanControllingUs: 0, StartBugReporterOnCrash: 0, Is64bit: 1, IsPro: 0

COMMAND LINE ARGUMENTS:
C:\Program Files\Unity\Hub\Editor\2020.3.22f1\Editor\Unity.exe
-adb2
-batchMode
-noUpm
-name
AssetImportWorker0
-projectPath
C:/Users/justi/Downloads/Tiny-Little-Ember
-logFile
Logs/AssetImportWorker0.log
-srvPort
54004
Successfully changed project path to: C:/Users/justi/Downloads/Tiny-Little-Ember
C:/Users/justi/Downloads/Tiny-Little-Ember
Using Asset Import Pipeline V2.
Refreshing native plugins compatible for Editor in 49.53 ms, found 3 plugins.
Preloading 0 native plugins for Editor in 0.00 ms.
Initialize engine version: 2020.3.22f1 (e1a7f79fd887)
[Subsystems] Discovering subsystems at path C:/Program Files/Unity/Hub/Editor/2020.3.22f1/Editor/Data/Resources/UnitySubsystems
[Subsystems] Discovering subsystems at path C:/Users/justi/Downloads/Tiny-Little-Ember/Assets
GfxDevice: creating device client; threaded=0
Direct3D:
    Version:  Direct3D 11.0 [level 11.1]
    Renderer: NVIDIA GeForce GTX 1060 (ID=0x1c20)
    Vendor:   
    VRAM:     6052 MB
    Driver:   27.21.14.6647
Initialize mono
Mono path[0] = 'C:/Program Files/Unity/Hub/Editor/2020.3.22f1/Editor/Data/Managed'
Mono path[1] = 'C:/Program Files/Unity/Hub/Editor/2020.3.22f1/Editor/Data/MonoBleedingEdge/lib/mono/unityjit'
Mono config path = 'C:/Program Files/Unity/Hub/Editor/2020.3.22f1/Editor/Data/MonoBleedingEdge/etc'
Using monoOptions --debugger-agent=transport=dt_socket,embedding=1,server=y,suspend=n,address=127.0.0.1:56592
Begin MonoManager ReloadAssembly
Registering precompiled unity dll's ...
Register platform support module: C:/Program Files/Unity/Hub/Editor/2020.3.22f1/Editor/Data/PlaybackEngines/MacStandaloneSupport/UnityEditor.OSXStandalone.Extensions.dll
Register platform support module: C:/Program Files/Unity/Hub/Editor/2020.3.22f1/Editor/Data/PlaybackEngines/WindowsStandaloneSupport/UnityEditor.WindowsStandalone.Extensions.dll
Registered in 0.005029 seconds.
Native extension for WindowsStandalone target not found
Native extension for OSXStandalone target not found
Refreshing native plugins compatible for Editor in 58.00 ms, found 3 plugins.
Preloading 0 native plugins for Editor in 0.00 ms.
Mono: successfully reloaded assembly
- Completed reload, in  1.329 seconds
Domain Reload Profiling:
	ReloadAssembly (1330ms)
		BeginReloadAssembly (66ms)
			ExecutionOrderSort (0ms)
			DisableScriptedObjects (0ms)
			BackupInstance (0ms)
			ReleaseScriptingObjects (0ms)
			CreateAndSetChildDomain (2ms)
		EndReloadAssembly (583ms)
			LoadAssemblies (62ms)
			RebuildTransferFunctionScriptingTraits (0ms)
			SetupTypeCache (197ms)
			ReleaseScriptCaches (0ms)
			RebuildScriptCaches (36ms)
			SetupLoadedEditorAssemblies (234ms)
				LogAssemblyErrors (0ms)
				InitializePlatformSupportModulesInManaged (5ms)
				SetLoadedEditorAssemblies (0ms)
				RefreshPlugins (58ms)
				BeforeProcessingInitializeOnLoad (24ms)
				ProcessInitializeOnLoadAttributes (112ms)
				ProcessInitializeOnLoadMethodAttributes (35ms)
				AfterProcessingInitializeOnLoad (0ms)
				EditorAssembliesLoaded (0ms)
			ExecutionOrderSort2 (0ms)
			AwakeInstancesAfterBackupRestoration (0ms)
Platform modules already initialized, skipping
Registering precompiled user dll's ...
Registered in 0.011098 seconds.
Begin MonoManager ReloadAssembly
Native extension for WindowsStandalone target not found
Native extension for OSXStandalone target not found
Refreshing native plugins compatible for Editor in 49.44 ms, found 3 plugins.
Preloading 0 native plugins for Editor in 0.00 ms.
Mono: successfully reloaded assembly
- Completed reload, in  1.390 seconds
Domain Reload Profiling:
	ReloadAssembly (1391ms)
		BeginReloadAssembly (191ms)
			ExecutionOrderSort (0ms)
			DisableScriptedObjects (8ms)
			BackupInstance (0ms)
			ReleaseScriptingObjects (0ms)
			CreateAndSetChildDomain (21ms)
		EndReloadAssembly (1123ms)
			LoadAssemblies (112ms)
			RebuildTransferFunctionScriptingTraits (0ms)
			SetupTypeCache (386ms)
			ReleaseScriptCaches (0ms)
			RebuildScriptCaches (62ms)
			SetupLoadedEditorAssemblies (413ms)
				LogAssemblyErrors (0ms)
				InitializePlatformSupportModulesInManaged (5ms)
				SetLoadedEditorAssemblies (0ms)
				RefreshPlugins (50ms)
				BeforeProcessingInitializeOnLoad (93ms)
				ProcessInitializeOnLoadAttributes (235ms)
				ProcessInitializeOnLoadMethodAttributes (20ms)
				AfterProcessingInitializeOnLoad (9ms)
				EditorAssembliesLoaded (0ms)
			ExecutionOrderSort2 (0ms)
			AwakeInstancesAfterBackupRestoration (6ms)
Platform modules already initialized, skipping
========================================================================
Worker process is ready to serve import requests
Launched and connected shader compiler UnityShaderCompiler.exe after 0.08 seconds
Refreshing native plugins compatible for Editor in 2.71 ms, found 3 plugins.
Preloading 0 native plugins for Editor in 0.00 ms.
Unloading 2195 Unused Serialized files (Serialized files now loaded: 0)
System memory in use before: 95.8 MB.
System memory in use after: 95.9 MB.

Unloading 28 unused Assets to reduce memory usage. Loaded Objects now: 2629.
Total: 4.668900 ms (FindLiveObjects: 0.935300 ms CreateObjectMapping: 0.263100 ms MarkObjects: 3.394700 ms  DeleteObjects: 0.073600 ms)

AssetImportParameters requested are different than current active one (requested -> active):
  custom:framework-win-MediaFoundation: 216162199b28c13a410421893ffa2e32 -> 
  custom:video-decoder-ogg-theora: a1e56fd34408186e4bbccfd4996cb3dc -> 
  custom:container-muxer-webm: aa71ff27fc2769a1b78a27578f13a17b -> 
  custom:container-demuxer-webm: 4f35f7cbe854078d1ac9338744f61a02 -> 
  custom:container-demuxer-ogg: 62fdf1f143b41e24485cea50d1cbac27 -> 
  custom:video-encoder-webm-vp8: eb34c28f22e8b96e1ab97ce403110664 -> 
  custom:video-decoder-webm-vp8: 9c59270c3fd7afecdb556c50c9e8de78 -> 
  custom:audio-decoder-ogg-vorbis: bf7c407c2cedff20999df2af8eb42d56 -> 
  custom:audio-encoder-webm-vorbis: bf7c407c2cedff20999df2af8eb42d56 -> 
========================================================================
Received Import Request.
  path: Assets/Scenes/Fireball.unity
  artifactKey: Guid(bd3021a734dcb7c45a3e3f857b3f103f) Importer(815301076,1909f56bfc062723c751e8b465ee728b)
Start importing Assets/Scenes/Fireball.unity using Guid(bd3021a734dcb7c45a3e3f857b3f103f) Importer(815301076,1909f56bfc062723c751e8b465ee728b)  -> (artifact id: '7f1d2c1b0240555b8ae4ba570f76c402') in 0.016512 seconds 
  Import took 0.027586 seconds .

========================================================================
Received Prepare
Registering precompiled user dll's ...
Registered in 0.336434 seconds.
Begin MonoManager ReloadAssembly
Native extension for WindowsStandalone target not found
Native extension for OSXStandalone target not found
Refreshing native plugins compatible for Editor in 0.51 ms, found 3 plugins.
Preloading 0 native plugins for Editor in 0.00 ms.
Mono: successfully reloaded assembly
- Completed reload, in  4.209 seconds
Domain Reload Profiling:
	ReloadAssembly (4210ms)
		BeginReloadAssembly (1496ms)
			ExecutionOrderSort (0ms)
			DisableScriptedObjects (9ms)
			BackupInstance (0ms)
			ReleaseScriptingObjects (0ms)
			CreateAndSetChildDomain (46ms)
		EndReloadAssembly (2641ms)
			LoadAssemblies (1998ms)
			RebuildTransferFunctionScriptingTraits (0ms)
			SetupTypeCache (956ms)
			ReleaseScriptCaches (1ms)
			RebuildScriptCaches (49ms)
			SetupLoadedEditorAssemblies (882ms)
				LogAssemblyErrors (0ms)
				InitializePlatformSupportModulesInManaged (5ms)
				SetLoadedEditorAssemblies (0ms)
				RefreshPlugins (1ms)
				BeforeProcessingInitializeOnLoad (96ms)
				ProcessInitializeOnLoadAttributes (267ms)
				ProcessInitializeOnLoadMethodAttributes (502ms)
				AfterProcessingInitializeOnLoad (10ms)
				EditorAssembliesLoaded (0ms)
			ExecutionOrderSort2 (0ms)
			AwakeInstancesAfterBackupRestoration (9ms)
Platform modules already initialized, skipping
Refreshing native plugins compatible for Editor in 0.52 ms, found 3 plugins.
Preloading 0 native plugins for Editor in 0.00 ms.
Unloading 2184 Unused Serialized files (Serialized files now loaded: 0)
System memory in use before: 95.1 MB.
System memory in use after: 95.3 MB.

Unloading 17 unused Assets to reduce memory usage. Loaded Objects now: 2631.
Total: 3.411800 ms (FindLiveObjects: 0.205500 ms CreateObjectMapping: 0.077500 ms MarkObjects: 3.106900 ms  DeleteObjects: 0.020900 ms)

AssetImportParameters requested are different than current active one (requested -> active):
  custom:framework-win-MediaFoundation: 216162199b28c13a410421893ffa2e32 -> 
  custom:video-decoder-ogg-theora: a1e56fd34408186e4bbccfd4996cb3dc -> 
  custom:container-muxer-webm: aa71ff27fc2769a1b78a27578f13a17b -> 
  custom:container-demuxer-webm: 4f35f7cbe854078d1ac9338744f61a02 -> 
  custom:container-demuxer-ogg: 62fdf1f143b41e24485cea50d1cbac27 -> 
  custom:video-encoder-webm-vp8: eb34c28f22e8b96e1ab97ce403110664 -> 
  custom:video-decoder-webm-vp8: 9c59270c3fd7afecdb556c50c9e8de78 -> 
  custom:audio-decoder-ogg-vorbis: bf7c407c2cedff20999df2af8eb42d56 -> 
  custom:audio-encoder-webm-vorbis: bf7c407c2cedff20999df2af8eb42d56 -> 
========================================================================
Received Import Request.
  Time since last request: 273.636437 seconds.
  path: Assets/Scripts
  artifactKey: Guid(d4c5350344ce3e745985291ab1a32a78) Importer(815301076,1909f56bfc062723c751e8b465ee728b)
Start importing Assets/Scripts using Guid(d4c5350344ce3e745985291ab1a32a78) Importer(815301076,1909f56bfc062723c751e8b465ee728b)  -> (artifact id: '41ea1daa234671d944864078a63930d9') in 0.013674 seconds 
  Import took 0.025607 seconds .

========================================================================
Received Import Request.
  Time since last request: 5.567763 seconds.
  path: Assets/Scripts/PauseMenu.cs
  artifactKey: Guid(6d5b8639331ff314dafc21ca49021532) Importer(815301076,1909f56bfc062723c751e8b465ee728b)
Start importing Assets/Scripts/PauseMenu.cs using Guid(6d5b8639331ff314dafc21ca49021532) Importer(815301076,1909f56bfc062723c751e8b465ee728b)  -> (artifact id: '8e8cf3cef68e80eabbde6b5ad60e6f65') in 0.128044 seconds 
  Import took 0.137198 seconds .

========================================================================
Received Prepare
Registering precompiled user dll's ...
Registered in 0.027062 seconds.
Begin MonoManager ReloadAssembly
Native extension for WindowsStandalone target not found
Native extension for OSXStandalone target not found
Refreshing native plugins compatible for Editor in 0.55 ms, found 3 plugins.
Preloading 0 native plugins for Editor in 0.00 ms.
Mono: successfully reloaded assembly
- Completed reload, in  1.557 seconds
Domain Reload Profiling:
	ReloadAssembly (1557ms)
		BeginReloadAssembly (185ms)
			ExecutionOrderSort (0ms)
			DisableScriptedObjects (7ms)
			BackupInstance (0ms)
			ReleaseScriptingObjects (0ms)
			CreateAndSetChildDomain (52ms)
		EndReloadAssembly (1301ms)
			LoadAssemblies (195ms)
			RebuildTransferFunctionScriptingTraits (0ms)
			SetupTypeCache (487ms)
			ReleaseScriptCaches (1ms)
			RebuildScriptCaches (67ms)
			SetupLoadedEditorAssemblies (410ms)
				LogAssemblyErrors (0ms)
				InitializePlatformSupportModulesInManaged (10ms)
				SetLoadedEditorAssemblies (1ms)
				RefreshPlugins (1ms)
				BeforeProcessingInitializeOnLoad (119ms)
				ProcessInitializeOnLoadAttributes (258ms)
				ProcessInitializeOnLoadMethodAttributes (12ms)
				AfterProcessingInitializeOnLoad (10ms)
				EditorAssembliesLoaded (0ms)
			ExecutionOrderSort2 (0ms)
			AwakeInstancesAfterBackupRestoration (15ms)
Platform modules already initialized, skipping
Refreshing native plugins compatible for Editor in 0.45 ms, found 3 plugins.
Preloading 0 native plugins for Editor in 0.00 ms.
Unloading 2185 Unused Serialized files (Serialized files now loaded: 0)
System memory in use before: 95.2 MB.
System memory in use after: 95.3 MB.

Unloading 17 unused Assets to reduce memory usage. Loaded Objects now: 2634.
Total: 3.664900 ms (FindLiveObjects: 0.225100 ms CreateObjectMapping: 0.083700 ms MarkObjects: 3.330800 ms  DeleteObjects: 0.024100 ms)

AssetImportParameters requested are different than current active one (requested -> active):
  custom:framework-win-MediaFoundation: 216162199b28c13a410421893ffa2e32 -> 
  custom:video-decoder-ogg-theora: a1e56fd34408186e4bbccfd4996cb3dc -> 
  custom:container-muxer-webm: aa71ff27fc2769a1b78a27578f13a17b -> 
  custom:container-demuxer-webm: 4f35f7cbe854078d1ac9338744f61a02 -> 
  custom:container-demuxer-ogg: 62fdf1f143b41e24485cea50d1cbac27 -> 
  custom:video-encoder-webm-vp8: eb34c28f22e8b96e1ab97ce403110664 -> 
  custom:video-decoder-webm-vp8: 9c59270c3fd7afecdb556c50c9e8de78 -> 
  custom:audio-decoder-ogg-vorbis: bf7c407c2cedff20999df2af8eb42d56 -> 
  custom:audio-encoder-webm-vorbis: bf7c407c2cedff20999df2af8eb42d56 -> 
========================================================================
Received Prepare
Registering precompiled user dll's ...
Registered in 0.017580 seconds.
Begin MonoManager ReloadAssembly
Native extension for WindowsStandalone target not found
Native extension for OSXStandalone target not found
Refreshing native plugins compatible for Editor in 0.57 ms, found 3 plugins.
Preloading 0 native plugins for Editor in 0.00 ms.
Mono: successfully reloaded assembly
- Completed reload, in  1.378 seconds
Domain Reload Profiling:
	ReloadAssembly (1378ms)
		BeginReloadAssembly (171ms)
			ExecutionOrderSort (0ms)
			DisableScriptedObjects (8ms)
			BackupInstance (0ms)
			ReleaseScriptingObjects (0ms)
			CreateAndSetChildDomain (45ms)
		EndReloadAssembly (1118ms)
			LoadAssemblies (190ms)
			RebuildTransferFunctionScriptingTraits (0ms)
			SetupTypeCache (373ms)
			ReleaseScriptCaches (1ms)
			RebuildScriptCaches (53ms)
			SetupLoadedEditorAssemblies (391ms)
				LogAssemblyErrors (0ms)
				InitializePlatformSupportModulesInManaged (10ms)
				SetLoadedEditorAssemblies (0ms)
				RefreshPlugins (1ms)
				BeforeProcessingInitializeOnLoad (104ms)
				ProcessInitializeOnLoadAttributes (251ms)
				ProcessInitializeOnLoadMethodAttributes (16ms)
				AfterProcessingInitializeOnLoad (10ms)
				EditorAssembliesLoaded (0ms)
			ExecutionOrderSort2 (0ms)
			AwakeInstancesAfterBackupRestoration (11ms)
Platform modules already initialized, skipping
Refreshing native plugins compatible for Editor in 1.60 ms, found 3 plugins.
Preloading 0 native plugins for Editor in 0.00 ms.
Unloading 2185 Unused Serialized files (Serialized files now loaded: 0)
System memory in use before: 95.2 MB.
System memory in use after: 95.3 MB.

Unloading 17 unused Assets to reduce memory usage. Loaded Objects now: 2636.
Total: 4.322300 ms (FindLiveObjects: 0.697500 ms CreateObjectMapping: 0.606300 ms MarkObjects: 2.992600 ms  DeleteObjects: 0.021900 ms)

AssetImportParameters requested are different than current active one (requested -> active):
  custom:framework-win-MediaFoundation: 216162199b28c13a410421893ffa2e32 -> 
  custom:video-decoder-ogg-theora: a1e56fd34408186e4bbccfd4996cb3dc -> 
  custom:container-muxer-webm: aa71ff27fc2769a1b78a27578f13a17b -> 
  custom:container-demuxer-webm: 4f35f7cbe854078d1ac9338744f61a02 -> 
  custom:container-demuxer-ogg: 62fdf1f143b41e24485cea50d1cbac27 -> 
  custom:video-encoder-webm-vp8: eb34c28f22e8b96e1ab97ce403110664 -> 
  custom:video-decoder-webm-vp8: 9c59270c3fd7afecdb556c50c9e8de78 -> 
  custom:audio-decoder-ogg-vorbis: bf7c407c2cedff20999df2af8eb42d56 -> 
  custom:audio-encoder-webm-vorbis: bf7c407c2cedff20999df2af8eb42d56 -> 
========================================================================
Received Import Request.
  Time since last request: 100.390532 seconds.
  path: Assets/Scripts/PauseMenu.cs
  artifactKey: Guid(6d5b8639331ff314dafc21ca49021532) Importer(815301076,1909f56bfc062723c751e8b465ee728b)
Start importing Assets/Scripts/PauseMenu.cs using Guid(6d5b8639331ff314dafc21ca49021532) Importer(815301076,1909f56bfc062723c751e8b465ee728b)  -> (artifact id: '47c88b83169f42405603760e27198e3a') in 0.012394 seconds 
  Import took 0.020920 seconds .

========================================================================
Received Import Request.
  Time since last request: 53.570512 seconds.
  path: Assets/Scripts/GameController.cs
  artifactKey: Guid(ee2c6d7add707ae47ba3e73f636c20a5) Importer(815301076,1909f56bfc062723c751e8b465ee728b)
Start importing Assets/Scripts/GameController.cs using Guid(ee2c6d7add707ae47ba3e73f636c20a5) Importer(815301076,1909f56bfc062723c751e8b465ee728b)  -> (artifact id: 'cc88150fa27d4a2f88ef109371cf6ec5') in 0.007737 seconds 
  Import took 0.015245 seconds .

========================================================================
Received Prepare
Registering precompiled user dll's ...
Registered in 0.016336 seconds.
Begin MonoManager ReloadAssembly
Native extension for WindowsStandalone target not found
Native extension for OSXStandalone target not found
Refreshing native plugins compatible for Editor in 0.44 ms, found 3 plugins.
Preloading 0 native plugins for Editor in 0.00 ms.
Mono: successfully reloaded assembly
- Completed reload, in  1.353 seconds
Domain Reload Profiling:
	ReloadAssembly (1354ms)
		BeginReloadAssembly (191ms)
			ExecutionOrderSort (0ms)
			DisableScriptedObjects (6ms)
			BackupInstance (0ms)
			ReleaseScriptingObjects (0ms)
			CreateAndSetChildDomain (48ms)
		EndReloadAssembly (1086ms)
			LoadAssemblies (198ms)
			RebuildTransferFunctionScriptingTraits (0ms)
			SetupTypeCache (376ms)
			ReleaseScriptCaches (1ms)
			RebuildScriptCaches (51ms)
			SetupLoadedEditorAssemblies (384ms)
				LogAssemblyErrors (0ms)
				InitializePlatformSupportModulesInManaged (9ms)
				SetLoadedEditorAssemblies (0ms)
				RefreshPlugins (0ms)
				BeforeProcessingInitializeOnLoad (101ms)
				ProcessInitializeOnLoadAttributes (251ms)
				ProcessInitializeOnLoadMethodAttributes (15ms)
				AfterProcessingInitializeOnLoad (7ms)
				EditorAssembliesLoaded (0ms)
			ExecutionOrderSort2 (0ms)
			AwakeInstancesAfterBackupRestoration (12ms)
Platform modules already initialized, skipping
Refreshing native plugins compatible for Editor in 0.48 ms, found 3 plugins.
Preloading 0 native plugins for Editor in 0.00 ms.
Unloading 2186 Unused Serialized files (Serialized files now loaded: 0)
System memory in use before: 95.3 MB.
System memory in use after: 95.4 MB.

Unloading 17 unused Assets to reduce memory usage. Loaded Objects now: 2639.
Total: 3.131600 ms (FindLiveObjects: 0.210000 ms CreateObjectMapping: 0.082700 ms MarkObjects: 2.815500 ms  DeleteObjects: 0.022300 ms)

AssetImportParameters requested are different than current active one (requested -> active):
  custom:framework-win-MediaFoundation: 216162199b28c13a410421893ffa2e32 -> 
  custom:video-decoder-ogg-theora: a1e56fd34408186e4bbccfd4996cb3dc -> 
  custom:container-muxer-webm: aa71ff27fc2769a1b78a27578f13a17b -> 
  custom:container-demuxer-webm: 4f35f7cbe854078d1ac9338744f61a02 -> 
  custom:container-demuxer-ogg: 62fdf1f143b41e24485cea50d1cbac27 -> 
  custom:video-encoder-webm-vp8: eb34c28f22e8b96e1ab97ce403110664 -> 
  custom:video-decoder-webm-vp8: 9c59270c3fd7afecdb556c50c9e8de78 -> 
  custom:audio-decoder-ogg-vorbis: bf7c407c2cedff20999df2af8eb42d56 -> 
  custom:audio-encoder-webm-vorbis: bf7c407c2cedff20999df2af8eb42d56 -> 
========================================================================
Received Prepare
Registering precompiled user dll's ...
Registered in 0.016752 seconds.
Begin MonoManager ReloadAssembly
Native extension for WindowsStandalone target not found
Native extension for OSXStandalone target not found
Refreshing native plugins compatible for Editor in 0.58 ms, found 3 plugins.
Preloading 0 native plugins for Editor in 0.00 ms.
Mono: successfully reloaded assembly
- Completed reload, in  1.353 seconds
Domain Reload Profiling:
	ReloadAssembly (1353ms)
		BeginReloadAssembly (164ms)
			ExecutionOrderSort (0ms)
			DisableScriptedObjects (6ms)
			BackupInstance (0ms)
			ReleaseScriptingObjects (0ms)
			CreateAndSetChildDomain (39ms)
		EndReloadAssembly (1113ms)
			LoadAssemblies (192ms)
			RebuildTransferFunctionScriptingTraits (0ms)
			SetupTypeCache (414ms)
			ReleaseScriptCaches (1ms)
			RebuildScriptCaches (52ms)
			SetupLoadedEditorAssemblies (369ms)
				LogAssemblyErrors (0ms)
				InitializePlatformSupportModulesInManaged (10ms)
				SetLoadedEditorAssemblies (0ms)
				RefreshPlugins (1ms)
				BeforeProcessingInitializeOnLoad (98ms)
				ProcessInitializeOnLoadAttributes (238ms)
				ProcessInitializeOnLoadMethodAttributes (14ms)
				AfterProcessingInitializeOnLoad (7ms)
				EditorAssembliesLoaded (0ms)
			ExecutionOrderSort2 (0ms)
			AwakeInstancesAfterBackupRestoration (11ms)
Platform modules already initialized, skipping
Refreshing native plugins compatible for Editor in 0.50 ms, found 3 plugins.
Preloading 0 native plugins for Editor in 0.00 ms.
Unloading 2186 Unused Serialized files (Serialized files now loaded: 0)
System memory in use before: 95.3 MB.
System memory in use after: 95.4 MB.

Unloading 17 unused Assets to reduce memory usage. Loaded Objects now: 2641.
Total: 3.969900 ms (FindLiveObjects: 0.183200 ms CreateObjectMapping: 0.097400 ms MarkObjects: 3.654200 ms  DeleteObjects: 0.033500 ms)

AssetImportParameters requested are different than current active one (requested -> active):
  custom:framework-win-MediaFoundation: 216162199b28c13a410421893ffa2e32 -> 
  custom:video-decoder-ogg-theora: a1e56fd34408186e4bbccfd4996cb3dc -> 
  custom:container-muxer-webm: aa71ff27fc2769a1b78a27578f13a17b -> 
  custom:container-demuxer-webm: 4f35f7cbe854078d1ac9338744f61a02 -> 
  custom:container-demuxer-ogg: 62fdf1f143b41e24485cea50d1cbac27 -> 
  custom:video-encoder-webm-vp8: eb34c28f22e8b96e1ab97ce403110664 -> 
  custom:video-decoder-webm-vp8: 9c59270c3fd7afecdb556c50c9e8de78 -> 
  custom:audio-decoder-ogg-vorbis: bf7c407c2cedff20999df2af8eb42d56 -> 
  custom:audio-encoder-webm-vorbis: bf7c407c2cedff20999df2af8eb42d56 -> 
========================================================================
Received Import Request.
  Time since last request: 13.498188 seconds.
  path: Assets/Scripts/GameController.cs
  artifactKey: Guid(ee2c6d7add707ae47ba3e73f636c20a5) Importer(815301076,1909f56bfc062723c751e8b465ee728b)
Start importing Assets/Scripts/GameController.cs using Guid(ee2c6d7add707ae47ba3e73f636c20a5) Importer(815301076,1909f56bfc062723c751e8b465ee728b)  -> (artifact id: '812ace9b161f12cfbb755c2ffaf47c84') in 0.008932 seconds 
  Import took 0.019282 seconds .

========================================================================
Received Prepare
Registering precompiled user dll's ...
Registered in 0.022449 seconds.
Begin MonoManager ReloadAssembly
Native extension for WindowsStandalone target not found
Native extension for OSXStandalone target not found
Refreshing native plugins compatible for Editor in 0.54 ms, found 3 plugins.
Preloading 0 native plugins for Editor in 0.00 ms.
Mono: successfully reloaded assembly
- Completed reload, in  1.778 seconds
Domain Reload Profiling:
	ReloadAssembly (1779ms)
		BeginReloadAssembly (186ms)
			ExecutionOrderSort (0ms)
			DisableScriptedObjects (9ms)
			BackupInstance (0ms)
			ReleaseScriptingObjects (0ms)
			CreateAndSetChildDomain (46ms)
		EndReloadAssembly (1506ms)
			LoadAssemblies (219ms)
			RebuildTransferFunctionScriptingTraits (0ms)
			SetupTypeCache (582ms)
			ReleaseScriptCaches (1ms)
			RebuildScriptCaches (71ms)
			SetupLoadedEditorAssemblies (484ms)
				LogAssemblyErrors (0ms)
				InitializePlatformSupportModulesInManaged (10ms)
				SetLoadedEditorAssemblies (1ms)
				RefreshPlugins (1ms)
				BeforeProcessingInitializeOnLoad (137ms)
				ProcessInitializeOnLoadAttributes (313ms)
				ProcessInitializeOnLoadMethodAttributes (15ms)
				AfterProcessingInitializeOnLoad (8ms)
				EditorAssembliesLoaded (0ms)
			ExecutionOrderSort2 (0ms)
			AwakeInstancesAfterBackupRestoration (12ms)
Platform modules already initialized, skipping
Refreshing native plugins compatible for Editor in 0.49 ms, found 3 plugins.
Preloading 0 native plugins for Editor in 0.00 ms.
Unloading 2233 Unused Serialized files (Serialized files now loaded: 0)
System memory in use before: 98.3 MB.
System memory in use after: 97.8 MB.

Unloading 30 unused Assets to reduce memory usage. Loaded Objects now: 2677.
Total: 3.421200 ms (FindLiveObjects: 0.198400 ms CreateObjectMapping: 0.091700 ms MarkObjects: 2.852500 ms  DeleteObjects: 0.277500 ms)

AssetImportParameters requested are different than current active one (requested -> active):
  custom:framework-win-MediaFoundation: 216162199b28c13a410421893ffa2e32 -> 
  custom:video-decoder-ogg-theora: a1e56fd34408186e4bbccfd4996cb3dc -> 
  custom:container-muxer-webm: aa71ff27fc2769a1b78a27578f13a17b -> 
  custom:container-demuxer-webm: 4f35f7cbe854078d1ac9338744f61a02 -> 
  custom:container-demuxer-ogg: 62fdf1f143b41e24485cea50d1cbac27 -> 
  custom:video-encoder-webm-vp8: eb34c28f22e8b96e1ab97ce403110664 -> 
  custom:video-decoder-webm-vp8: 9c59270c3fd7afecdb556c50c9e8de78 -> 
  custom:audio-decoder-ogg-vorbis: bf7c407c2cedff20999df2af8eb42d56 -> 
  custom:audio-encoder-webm-vorbis: bf7c407c2cedff20999df2af8eb42d56 -> 
========================================================================
Received Import Request.
  Time since last request: 73.698755 seconds.
  path: Assets/TextMesh Pro/Resources/Fonts & Materials/LiberationSans SDF - Drop Shadow.mat
  artifactKey: Guid(e73a58f6e2794ae7b1b7e50b7fb811b0) Importer(815301076,1909f56bfc062723c751e8b465ee728b)
Start importing Assets/TextMesh Pro/Resources/Fonts & Materials/LiberationSans SDF - Drop Shadow.mat using Guid(e73a58f6e2794ae7b1b7e50b7fb811b0) Importer(815301076,1909f56bfc062723c751e8b465ee728b)  -> (artifact id: 'ca0d2861f60500f05bd29199894f7bb5') in 0.263131 seconds 
  Import took 0.267199 seconds .

========================================================================
Received Import Request.
  Time since last request: 0.000238 seconds.
  path: Assets/TextMesh Pro/Resources/Fonts & Materials/LiberationSans SDF - Outline.mat
  artifactKey: Guid(79459efec17a4d00a321bdcc27bbc385) Importer(815301076,1909f56bfc062723c751e8b465ee728b)
Start importing Assets/TextMesh Pro/Resources/Fonts & Materials/LiberationSans SDF - Outline.mat using Guid(79459efec17a4d00a321bdcc27bbc385) Importer(815301076,1909f56bfc062723c751e8b465ee728b)  -> (artifact id: '289988fcecf3b00d1602f8d2b589f7dd') in 0.097780 seconds 
  Import took 0.101406 seconds .

========================================================================
Received Import Request.
  Time since last request: 0.000376 seconds.
  path: Assets/TextMesh Pro/Resources/Fonts & Materials/LiberationSans SDF - Fallback.asset
  artifactKey: Guid(2e498d1c8094910479dc3e1b768306a4) Importer(815301076,1909f56bfc062723c751e8b465ee728b)
Start importing Assets/TextMesh Pro/Resources/Fonts & Materials/LiberationSans SDF - Fallback.asset using Guid(2e498d1c8094910479dc3e1b768306a4) Importer(815301076,1909f56bfc062723c751e8b465ee728b)  -> (artifact id: 'b8c2210586957436df79bf961aeff06e') in 0.072530 seconds 
  Import took 0.078408 seconds .

========================================================================
Received Import Request.
  Time since last request: 0.000271 seconds.
  path: Assets/TextMesh Pro/Resources/Fonts & Materials/LiberationSans SDF.asset
  artifactKey: Guid(8f586378b4e144a9851e7b34d9b748ee) Importer(815301076,1909f56bfc062723c751e8b465ee728b)
Start importing Assets/TextMesh Pro/Resources/Fonts & Materials/LiberationSans SDF.asset using Guid(8f586378b4e144a9851e7b34d9b748ee) Importer(815301076,1909f56bfc062723c751e8b465ee728b)  -> (artifact id: 'f1280cc7be10b532b2897fc8654f95d3') in 0.070090 seconds 
  Import took 0.079247 seconds .

========================================================================
Received Import Request.
  Time since last request: 1.434795 seconds.
  path: Assets/TextMesh Pro/Examples & Extras/Fonts/Bangers.ttf
  artifactKey: Guid(5dd49b3eacc540408c98eee0de38e0f1) Importer(815301076,1909f56bfc062723c751e8b465ee728b)
Start importing Assets/TextMesh Pro/Examples & Extras/Fonts/Bangers.ttf using Guid(5dd49b3eacc540408c98eee0de38e0f1) Importer(815301076,1909f56bfc062723c751e8b465ee728b)  -> (artifact id: '4bcbddb7e72e92fa3a6f13b2b0717c42') in 0.036577 seconds 
  Import took 0.040191 seconds .

========================================================================
Received Import Request.
  Time since last request: 0.000389 seconds.
  path: Assets/TextMesh Pro/Examples & Extras/Fonts/Oswald-Bold.ttf
  artifactKey: Guid(c9f6d0e7bc8541498c9a4799ba184ede) Importer(815301076,1909f56bfc062723c751e8b465ee728b)
Start importing Assets/TextMesh Pro/Examples & Extras/Fonts/Oswald-Bold.ttf using Guid(c9f6d0e7bc8541498c9a4799ba184ede) Importer(815301076,1909f56bfc062723c751e8b465ee728b)  -> (artifact id: '9d313bcea6b6ddf2c8c0bdfd1fb81dfc') in 0.029469 seconds 
  Import took 0.039559 seconds .

========================================================================
Received Import Request.
  Time since last request: 0.000706 seconds.
  path: Assets/TextMesh Pro/Examples & Extras/Fonts/Roboto-Bold.ttf
  artifactKey: Guid(4beb055f07aaff244873dec698d0363e) Importer(815301076,1909f56bfc062723c751e8b465ee728b)
Start importing Assets/TextMesh Pro/Examples & Extras/Fonts/Roboto-Bold.ttf using Guid(4beb055f07aaff244873dec698d0363e) Importer(815301076,1909f56bfc062723c751e8b465ee728b)  -> (artifact id: '6c0d3d5e9fbf8ba6903c17dcbf477454') in 0.022144 seconds 
  Import took 0.027173 seconds .

========================================================================
Received Import Request.
  Time since last request: 0.000814 seconds.
  path: Assets/TextMesh Pro/Examples & Extras/Fonts/Electronic Highway Sign.TTF
  artifactKey: Guid(8a2b9e2a607dd2143b58c44bc32410b4) Importer(815301076,1909f56bfc062723c751e8b465ee728b)
Start importing Assets/TextMesh Pro/Examples & Extras/Fonts/Electronic Highway Sign.TTF using Guid(8a2b9e2a607dd2143b58c44bc32410b4) Importer(815301076,1909f56bfc062723c751e8b465ee728b)  -> (artifact id: 'e9ac7beed70274322407e6f2201347ab') in 0.024405 seconds 
  Import took 0.031475 seconds .

========================================================================
Received Import Request.
  Time since last request: 0.000677 seconds.
  path: Assets/TextMesh Pro/Fonts/LiberationSans.ttf
  artifactKey: Guid(e3265ab4bf004d28a9537516768c1c75) Importer(815301076,1909f56bfc062723c751e8b465ee728b)
Start importing Assets/TextMesh Pro/Fonts/LiberationSans.ttf using Guid(e3265ab4bf004d28a9537516768c1c75) Importer(815301076,1909f56bfc062723c751e8b465ee728b)  -> (artifact id: 'bdddd331c3f1b7826858a8d92db67e39') in 0.026661 seconds 
  Import took 0.035846 seconds .

========================================================================
Received Import Request.
  Time since last request: 2.172421 seconds.
  path: Assets/TextMesh Pro/Examples & Extras/Fonts/Anton.ttf
  artifactKey: Guid(997a43b767814dd0a7642ec9b78cba41) Importer(815301076,1909f56bfc062723c751e8b465ee728b)
Start importing Assets/TextMesh Pro/Examples & Extras/Fonts/Anton.ttf using Guid(997a43b767814dd0a7642ec9b78cba41) Importer(815301076,1909f56bfc062723c751e8b465ee728b)  -> (artifact id: 'a682bbb39787555d96ca66a99595bfc7') in 0.028346 seconds 
  Import took 0.032102 seconds .

========================================================================
Received Import Request.
  Time since last request: 14.462516 seconds.
  path: Assets/TextMesh Pro/Examples & Extras/Resources/Fonts & Materials/Bangers SDF.asset
  artifactKey: Guid(125cb55b44b24c4393181402bc6200e6) Importer(815301076,1909f56bfc062723c751e8b465ee728b)
Start importing Assets/TextMesh Pro/Examples & Extras/Resources/Fonts & Materials/Bangers SDF.asset using Guid(125cb55b44b24c4393181402bc6200e6) Importer(815301076,1909f56bfc062723c751e8b465ee728b)  -> (artifact id: '6ba1bb398137a00be6e06e68b72b365d') in 0.052225 seconds 
  Import took 0.059416 seconds .

========================================================================
Received Import Request.
  Time since last request: 0.001508 seconds.
  path: Assets/TextMesh Pro/Examples & Extras/Resources/Fonts & Materials/Electronic Highway Sign SDF.asset
  artifactKey: Guid(dc36b3fdc14f47ebb36fd484a67e268a) Importer(815301076,1909f56bfc062723c751e8b465ee728b)
Start importing Assets/TextMesh Pro/Examples & Extras/Resources/Fonts & Materials/Electronic Highway Sign SDF.asset using Guid(dc36b3fdc14f47ebb36fd484a67e268a) Importer(815301076,1909f56bfc062723c751e8b465ee728b)  -> (artifact id: 'aecbacf0b5b681b775f225c866b98f6e') in 0.052068 seconds 
  Import took 0.059296 seconds .

========================================================================
Received Import Request.
  Time since last request: 0.000264 seconds.
  path: Assets/TextMesh Pro/Examples & Extras/Resources/Fonts & Materials/Roboto-Bold SDF.asset
  artifactKey: Guid(5302535af1044152a457ed104f1f4b91) Importer(815301076,1909f56bfc062723c751e8b465ee728b)
Start importing Assets/TextMesh Pro/Examples & Extras/Resources/Fonts & Materials/Roboto-Bold SDF.asset using Guid(5302535af1044152a457ed104f1f4b91) Importer(815301076,1909f56bfc062723c751e8b465ee728b)  -> (artifact id: 'bfb93c09ad45f6e656fb1966a95741fa') in 0.041718 seconds 
  Import took 0.049149 seconds .

========================================================================
Received Import Request.
  Time since last request: 0.000251 seconds.
  path: Assets/TextMesh Pro/Examples & Extras/Resources/Fonts & Materials/Oswald Bold SDF.asset
  artifactKey: Guid(0161d805a3764c089bef00bfe00793f5) Importer(815301076,1909f56bfc062723c751e8b465ee728b)
Start importing Assets/TextMesh Pro/Examples & Extras/Resources/Fonts & Materials/Oswald Bold SDF.asset using Guid(0161d805a3764c089bef00bfe00793f5) Importer(815301076,1909f56bfc062723c751e8b465ee728b)  -> (artifact id: 'd214e28bdeb8e7d744101e38a9ef9c0f') in 0.059628 seconds 
  Import took 0.065393 seconds .

========================================================================
Received Prepare
Registering precompiled user dll's ...
Registered in 0.014854 seconds.
Begin MonoManager ReloadAssembly
Native extension for WindowsStandalone target not found
Native extension for OSXStandalone target not found
Refreshing native plugins compatible for Editor in 0.84 ms, found 3 plugins.
Preloading 0 native plugins for Editor in 0.00 ms.
Mono: successfully reloaded assembly
- Completed reload, in  1.983 seconds
Domain Reload Profiling:
	ReloadAssembly (1984ms)
		BeginReloadAssembly (230ms)
			ExecutionOrderSort (0ms)
			DisableScriptedObjects (13ms)
			BackupInstance (0ms)
			ReleaseScriptingObjects (0ms)
			CreateAndSetChildDomain (64ms)
		EndReloadAssembly (1660ms)
			LoadAssemblies (298ms)
			RebuildTransferFunctionScriptingTraits (0ms)
			SetupTypeCache (549ms)
			ReleaseScriptCaches (1ms)
			RebuildScriptCaches (85ms)
			SetupLoadedEditorAssemblies (559ms)
				LogAssemblyErrors (0ms)
				InitializePlatformSupportModulesInManaged (12ms)
				SetLoadedEditorAssemblies (0ms)
				RefreshPlugins (1ms)
				BeforeProcessingInitializeOnLoad (148ms)
				ProcessInitializeOnLoadAttributes (356ms)
				ProcessInitializeOnLoadMethodAttributes (29ms)
				AfterProcessingInitializeOnLoad (12ms)
				EditorAssembliesLoaded (1ms)
			ExecutionOrderSort2 (0ms)
			AwakeInstancesAfterBackupRestoration (22ms)
Platform modules already initialized, skipping
Refreshing native plugins compatible for Editor in 0.55 ms, found 3 plugins.
Preloading 0 native plugins for Editor in 0.00 ms.
Unloading 2233 Unused Serialized files (Serialized files now loaded: 0)
System memory in use before: 102.1 MB.
System memory in use after: 101.7 MB.

Unloading 28 unused Assets to reduce memory usage. Loaded Objects now: 2725.
Total: 8.259900 ms (FindLiveObjects: 0.314400 ms CreateObjectMapping: 0.149000 ms MarkObjects: 6.728300 ms  DeleteObjects: 1.064700 ms)

AssetImportParameters requested are different than current active one (requested -> active):
  custom:framework-win-MediaFoundation: 216162199b28c13a410421893ffa2e32 -> 
  custom:video-decoder-ogg-theora: a1e56fd34408186e4bbccfd4996cb3dc -> 
  custom:container-muxer-webm: aa71ff27fc2769a1b78a27578f13a17b -> 
  custom:container-demuxer-webm: 4f35f7cbe854078d1ac9338744f61a02 -> 
  custom:container-demuxer-ogg: 62fdf1f143b41e24485cea50d1cbac27 -> 
  custom:video-encoder-webm-vp8: eb34c28f22e8b96e1ab97ce403110664 -> 
  custom:video-decoder-webm-vp8: 9c59270c3fd7afecdb556c50c9e8de78 -> 
  custom:audio-decoder-ogg-vorbis: bf7c407c2cedff20999df2af8eb42d56 -> 
  custom:audio-encoder-webm-vorbis: bf7c407c2cedff20999df2af8eb42d56 -> 
========================================================================
Received Prepare
Registering precompiled user dll's ...
Registered in 0.014538 seconds.
Begin MonoManager ReloadAssembly
Native extension for WindowsStandalone target not found
Native extension for OSXStandalone target not found
Refreshing native plugins compatible for Editor in 0.47 ms, found 3 plugins.
Preloading 0 native plugins for Editor in 0.00 ms.
Mono: successfully reloaded assembly
- Completed reload, in  1.362 seconds
Domain Reload Profiling:
	ReloadAssembly (1362ms)
		BeginReloadAssembly (166ms)
			ExecutionOrderSort (0ms)
			DisableScriptedObjects (8ms)
			BackupInstance (0ms)
			ReleaseScriptingObjects (0ms)
			CreateAndSetChildDomain (40ms)
		EndReloadAssembly (1125ms)
			LoadAssemblies (170ms)
			RebuildTransferFunctionScriptingTraits (0ms)
			SetupTypeCache (406ms)
			ReleaseScriptCaches (1ms)
			RebuildScriptCaches (48ms)
			SetupLoadedEditorAssemblies (404ms)
				LogAssemblyErrors (0ms)
				InitializePlatformSupportModulesInManaged (6ms)
				SetLoadedEditorAssemblies (0ms)
				RefreshPlugins (1ms)
				BeforeProcessingInitializeOnLoad (120ms)
				ProcessInitializeOnLoadAttributes (256ms)
				ProcessInitializeOnLoadMethodAttributes (12ms)
				AfterProcessingInitializeOnLoad (9ms)
				EditorAssembliesLoaded (0ms)
			ExecutionOrderSort2 (0ms)
			AwakeInstancesAfterBackupRestoration (12ms)
Platform modules already initialized, skipping
Refreshing native plugins compatible for Editor in 0.47 ms, found 3 plugins.
Preloading 0 native plugins for Editor in 0.00 ms.
Unloading 2231 Unused Serialized files (Serialized files now loaded: 0)
System memory in use before: 101.9 MB.
System memory in use after: 101.5 MB.

Unloading 28 unused Assets to reduce memory usage. Loaded Objects now: 2727.
Total: 3.703800 ms (FindLiveObjects: 0.255100 ms CreateObjectMapping: 0.115500 ms MarkObjects: 3.073400 ms  DeleteObjects: 0.258200 ms)

AssetImportParameters requested are different than current active one (requested -> active):
  custom:framework-win-MediaFoundation: 216162199b28c13a410421893ffa2e32 -> 
  custom:video-decoder-ogg-theora: a1e56fd34408186e4bbccfd4996cb3dc -> 
  custom:container-muxer-webm: aa71ff27fc2769a1b78a27578f13a17b -> 
  custom:container-demuxer-webm: 4f35f7cbe854078d1ac9338744f61a02 -> 
  custom:container-demuxer-ogg: 62fdf1f143b41e24485cea50d1cbac27 -> 
  custom:video-encoder-webm-vp8: eb34c28f22e8b96e1ab97ce403110664 -> 
  custom:video-decoder-webm-vp8: 9c59270c3fd7afecdb556c50c9e8de78 -> 
  custom:audio-decoder-ogg-vorbis: bf7c407c2cedff20999df2af8eb42d56 -> 
  custom:audio-encoder-webm-vorbis: bf7c407c2cedff20999df2af8eb42d56 -> 
========================================================================
Received Import Request.
  Time since last request: 244.048686 seconds.
  path: Assets/Sprites/Bonus/candle.png
  artifactKey: Guid(ddc8c60884df19f40accb5e5c89860a8) Importer(815301076,1909f56bfc062723c751e8b465ee728b)
Start importing Assets/Sprites/Bonus/candle.png using Guid(ddc8c60884df19f40accb5e5c89860a8) Importer(815301076,1909f56bfc062723c751e8b465ee728b)  -> (artifact id: 'e5de6b2c24a8154a2fe8178104fd807d') in 0.262794 seconds 
  Import took 0.266324 seconds .

========================================================================
Received Import Request.
  Time since last request: 0.000365 seconds.
  path: Assets/Sprites/Candle/candle4.png
  artifactKey: Guid(1b7821727b5ed76419b29792864eb5d4) Importer(815301076,1909f56bfc062723c751e8b465ee728b)
Start importing Assets/Sprites/Candle/candle4.png using Guid(1b7821727b5ed76419b29792864eb5d4) Importer(815301076,1909f56bfc062723c751e8b465ee728b)  -> (artifact id: '9406bad133c2fe8f783410b0b3897050') in 0.038766 seconds 
  Import took 0.044982 seconds .

========================================================================
Received Import Request.
  Time since last request: 0.000315 seconds.
  path: Assets/Sprites/fireball/circle_02.png
  artifactKey: Guid(0f2b174e8b2d5b341af55afb73d03527) Importer(815301076,1909f56bfc062723c751e8b465ee728b)
Start importing Assets/Sprites/fireball/circle_02.png using Guid(0f2b174e8b2d5b341af55afb73d03527) Importer(815301076,1909f56bfc062723c751e8b465ee728b)  -> (artifact id: '42fbf07009f9b2874d23625914695426') in 0.038516 seconds 
  Import took 0.042133 seconds .

========================================================================
Received Import Request.
  Time since last request: 0.000445 seconds.
  path: Assets/Sprites/Candle/candle2.png
  artifactKey: Guid(ed93a0d2b97d9df4e9478e6955f79551) Importer(815301076,1909f56bfc062723c751e8b465ee728b)
Start importing Assets/Sprites/Candle/candle2.png using Guid(ed93a0d2b97d9df4e9478e6955f79551) Importer(815301076,1909f56bfc062723c751e8b465ee728b)  -> (artifact id: 'ad23d91959bfcdefab16c54e3977840e') in 0.034440 seconds 
  Import took 0.042654 seconds .

========================================================================
Received Import Request.
  Time since last request: 0.000246 seconds.
  path: Assets/Sprites/FireAngry/fire_angry1.png
  artifactKey: Guid(be618d6a0d08a0449b866518edbf3044) Importer(815301076,1909f56bfc062723c751e8b465ee728b)
Start importing Assets/Sprites/FireAngry/fire_angry1.png using Guid(be618d6a0d08a0449b866518edbf3044) Importer(815301076,1909f56bfc062723c751e8b465ee728b)  -> (artifact id: 'd8554d5478a0dd25b57f10159e34fe51') in 0.067830 seconds 
  Import took 0.071662 seconds .

========================================================================
Received Import Request.
  Time since last request: 0.000236 seconds.
  path: Assets/Sprites/Candle/candle_not_on_fire.png
  artifactKey: Guid(68c16209a4705b5498435ee860a1227c) Importer(815301076,1909f56bfc062723c751e8b465ee728b)
Start importing Assets/Sprites/Candle/candle_not_on_fire.png using Guid(68c16209a4705b5498435ee860a1227c) Importer(815301076,1909f56bfc062723c751e8b465ee728b)  -> (artifact id: '0f4f47457a6d94ab697f936afcc36a22') in 0.036810 seconds 
  Import took 0.043550 seconds .

========================================================================
Received Import Request.
  Time since last request: 0.000362 seconds.
  path: Assets/Sprites/Candle/candle3.png
  artifactKey: Guid(6030a5a0dd8a90143abe0eddea378493) Importer(815301076,1909f56bfc062723c751e8b465ee728b)
Start importing Assets/Sprites/Candle/candle3.png using Guid(6030a5a0dd8a90143abe0eddea378493) Importer(815301076,1909f56bfc062723c751e8b465ee728b)  -> (artifact id: '1bc40d2723383b392821d52b7fb1e3b9') in 0.033511 seconds 
  Import took 0.037985 seconds .

========================================================================
Received Import Request.
  Time since last request: 0.000386 seconds.
  path: Assets/Sprites/Candle/candle1.png
  artifactKey: Guid(a48398f2e2798dc4987cf3b6888b3704) Importer(815301076,1909f56bfc062723c751e8b465ee728b)
Start importing Assets/Sprites/Candle/candle1.png using Guid(a48398f2e2798dc4987cf3b6888b3704) Importer(815301076,1909f56bfc062723c751e8b465ee728b)  -> (artifact id: '5ee74504c9e2b383e145fcb361dea639') in 0.039276 seconds 
  Import took 0.044561 seconds .

========================================================================
Received Import Request.
  Time since last request: 32.433917 seconds.
  path: Assets/Sprites/Tiles/snow_block.png
  artifactKey: Guid(27e196e9a85266a49922444614311d67) Importer(815301076,1909f56bfc062723c751e8b465ee728b)
Start importing Assets/Sprites/Tiles/snow_block.png using Guid(27e196e9a85266a49922444614311d67) Importer(815301076,1909f56bfc062723c751e8b465ee728b)  -> (artifact id: '0fe775c66a5d3e5ecea58efe234716c1') in 0.030672 seconds 
  Import took 0.039947 seconds .

========================================================================
Received Import Request.
  Time since last request: 73.211627 seconds.
  path: Assets/Sprites/FireAngry/fire_angry2.png
  artifactKey: Guid(c6e05b5e910fce74c8381e75511828b8) Importer(815301076,1909f56bfc062723c751e8b465ee728b)
Start importing Assets/Sprites/FireAngry/fire_angry2.png using Guid(c6e05b5e910fce74c8381e75511828b8) Importer(815301076,1909f56bfc062723c751e8b465ee728b)  -> (artifact id: 'b02093618fe046496df6c8ef6a6925f9') in 0.044838 seconds 
  Import took 0.049251 seconds .

========================================================================
Received Import Request.
  Time since last request: 0.000358 seconds.
  path: Assets/Sprites/FireAngry/fire_angry3.png
  artifactKey: Guid(c1b16fbf29c7ce54db4a930137d931f8) Importer(815301076,1909f56bfc062723c751e8b465ee728b)
Start importing Assets/Sprites/FireAngry/fire_angry3.png using Guid(c1b16fbf29c7ce54db4a930137d931f8) Importer(815301076,1909f56bfc062723c751e8b465ee728b)  -> (artifact id: 'cc1498ed46aea05ecad36215a6a329c1') in 0.046191 seconds 
  Import took 0.049312 seconds .

========================================================================
Received Import Request.
  Time since last request: 0.343714 seconds.
  path: Assets/Sprites/FireAngry/fire_angry4.png
  artifactKey: Guid(ee59257bcf3771d4d850fda96d595202) Importer(815301076,1909f56bfc062723c751e8b465ee728b)
Start importing Assets/Sprites/FireAngry/fire_angry4.png using Guid(ee59257bcf3771d4d850fda96d595202) Importer(815301076,1909f56bfc062723c751e8b465ee728b)  -> (artifact id: '1f59962642d2476a89897f855f8c5c12') in 0.047581 seconds 
  Import took 0.051047 seconds .

========================================================================
Received Import Request.
  Time since last request: 0.000352 seconds.
  path: Assets/Sprites/FireDie/fire_die3.png
  artifactKey: Guid(cf277d101d80d064eab7ba2ae00e2d62) Importer(815301076,1909f56bfc062723c751e8b465ee728b)
Start importing Assets/Sprites/FireDie/fire_die3.png using Guid(cf277d101d80d064eab7ba2ae00e2d62) Importer(815301076,1909f56bfc062723c751e8b465ee728b)  -> (artifact id: '2650992f31589482b8b066ceff5f3009') in 0.033527 seconds 
  Import took 0.037097 seconds .

========================================================================
Received Import Request.
  Time since last request: 0.000347 seconds.
  path: Assets/Sprites/FireDie/fire_die2.png
  artifactKey: Guid(46c87a30d05fcdd4baf62bf8982f4163) Importer(815301076,1909f56bfc062723c751e8b465ee728b)
Start importing Assets/Sprites/FireDie/fire_die2.png using Guid(46c87a30d05fcdd4baf62bf8982f4163) Importer(815301076,1909f56bfc062723c751e8b465ee728b)  -> (artifact id: 'e84f19d2fa2ffe4ca256de867d208b21') in 0.042204 seconds 
  Import took 0.045646 seconds .

========================================================================
Received Import Request.
  Time since last request: 0.000345 seconds.
  path: Assets/Sprites/FireDie/fire_die1.png
  artifactKey: Guid(56507826e916507448a00cdc3028bd0b) Importer(815301076,1909f56bfc062723c751e8b465ee728b)
Start importing Assets/Sprites/FireDie/fire_die1.png using Guid(56507826e916507448a00cdc3028bd0b) Importer(815301076,1909f56bfc062723c751e8b465ee728b)  -> (artifact id: 'dc974266b033a3b92dd5bc1b7fd5f9f1') in 0.035718 seconds 
  Import took 0.039482 seconds .

========================================================================
Received Import Request.
  Time since last request: 2.462576 seconds.
  path: Assets/Sprites/FireDie/fire_die4.png
  artifactKey: Guid(3cb623660c39e194bbc17912ebb7fee1) Importer(815301076,1909f56bfc062723c751e8b465ee728b)
Start importing Assets/Sprites/FireDie/fire_die4.png using Guid(3cb623660c39e194bbc17912ebb7fee1) Importer(815301076,1909f56bfc062723c751e8b465ee728b)  -> (artifact id: 'bebaab184c42ab1c233d99504ff14509') in 0.028857 seconds 
  Import took 0.032203 seconds .

========================================================================
Received Import Request.
  Time since last request: 0.000327 seconds.
  path: Assets/Sprites/FireDie/fire_die5.png
  artifactKey: Guid(0f91b85fa75ca2f45ae2a8d0a189b294) Importer(815301076,1909f56bfc062723c751e8b465ee728b)
Start importing Assets/Sprites/FireDie/fire_die5.png using Guid(0f91b85fa75ca2f45ae2a8d0a189b294) Importer(815301076,1909f56bfc062723c751e8b465ee728b)  -> (artifact id: 'd39e737579dec24aa61485d97714dc4f') in 0.032513 seconds 
  Import took 0.036064 seconds .

========================================================================
Received Import Request.
  Time since last request: 0.230712 seconds.
  path: Assets/Sprites/FireDie/fire_die6.png
  artifactKey: Guid(1ec1a793074612549abae7896ab081d2) Importer(815301076,1909f56bfc062723c751e8b465ee728b)
Start importing Assets/Sprites/FireDie/fire_die6.png using Guid(1ec1a793074612549abae7896ab081d2) Importer(815301076,1909f56bfc062723c751e8b465ee728b)  -> (artifact id: '8cdf879acf4f4cd4d3afa5074775dde9') in 0.126838 seconds 
  Import took 0.130122 seconds .

========================================================================
Received Import Request.
  Time since last request: 0.000291 seconds.
  path: Assets/Sprites/FireDie/fire_die9.png
  artifactKey: Guid(78902a44911a67540a02958519ffb450) Importer(815301076,1909f56bfc062723c751e8b465ee728b)
Start importing Assets/Sprites/FireDie/fire_die9.png using Guid(78902a44911a67540a02958519ffb450) Importer(815301076,1909f56bfc062723c751e8b465ee728b)  -> (artifact id: '3bda1f429db6638af4167e8a67e76df2') in 0.038419 seconds 
  Import took 0.045597 seconds .

========================================================================
Received Import Request.
  Time since last request: 0.000349 seconds.
  path: Assets/Sprites/FireDie/fire_die8.png
  artifactKey: Guid(f29e1eb6b9c04414880b35a17089f2c8) Importer(815301076,1909f56bfc062723c751e8b465ee728b)
Start importing Assets/Sprites/FireDie/fire_die8.png using Guid(f29e1eb6b9c04414880b35a17089f2c8) Importer(815301076,1909f56bfc062723c751e8b465ee728b)  -> (artifact id: '1e9946144617578cc8b406f5685be656') in 0.041941 seconds 
  Import took 0.047389 seconds .

========================================================================
Received Import Request.
  Time since last request: 0.001107 seconds.
  path: Assets/Sprites/FireDie/fire_die7.png
  artifactKey: Guid(3823c7e3a032b7a4c98bf9b27b20ed42) Importer(815301076,1909f56bfc062723c751e8b465ee728b)
Start importing Assets/Sprites/FireDie/fire_die7.png using Guid(3823c7e3a032b7a4c98bf9b27b20ed42) Importer(815301076,1909f56bfc062723c751e8b465ee728b)  -> (artifact id: 'bbc230c0e02a61a263fd5e41ca040fb2') in 0.036185 seconds 
  Import took 0.040922 seconds .

========================================================================
Received Import Request.
  Time since last request: 0.035801 seconds.
  path: Assets/Sprites/FireDie/fire_die10.png
  artifactKey: Guid(2dfd8f20aeff0be43830cb20764f757b) Importer(815301076,1909f56bfc062723c751e8b465ee728b)
Start importing Assets/Sprites/FireDie/fire_die10.png using Guid(2dfd8f20aeff0be43830cb20764f757b) Importer(815301076,1909f56bfc062723c751e8b465ee728b)  -> (artifact id: '44ae61bab3c67cff0136bd00eb9373bc') in 0.030052 seconds 
  Import took 0.034022 seconds .

========================================================================
Received Import Request.
  Time since last request: 0.000284 seconds.
  path: Assets/Sprites/FireIdle/fire_idle3.png
  artifactKey: Guid(c6add5d551c67ac4485c7636b99e71e7) Importer(815301076,1909f56bfc062723c751e8b465ee728b)
Start importing Assets/Sprites/FireIdle/fire_idle3.png using Guid(c6add5d551c67ac4485c7636b99e71e7) Importer(815301076,1909f56bfc062723c751e8b465ee728b)  -> (artifact id: 'c8d0ea41292174572488db8d61d35257') in 0.041296 seconds 
  Import took 0.049495 seconds .

========================================================================
Received Import Request.
  Time since last request: 0.000266 seconds.
  path: Assets/Sprites/FireIdle/fire_idle2.png
  artifactKey: Guid(cfa3925a7ec2d694f84567297f5fa046) Importer(815301076,1909f56bfc062723c751e8b465ee728b)
Start importing Assets/Sprites/FireIdle/fire_idle2.png using Guid(cfa3925a7ec2d694f84567297f5fa046) Importer(815301076,1909f56bfc062723c751e8b465ee728b)  -> (artifact id: '4e9c1c7ae29e4ccd2305d9c0d885ea2c') in 0.030513 seconds 
  Import took 0.036182 seconds .

========================================================================
Received Import Request.
  Time since last request: 0.000358 seconds.
  path: Assets/Sprites/FireIdle/fire_idle1.png
  artifactKey: Guid(fbe0fe19ec97ace4c93021bdf549ccf6) Importer(815301076,1909f56bfc062723c751e8b465ee728b)
Start importing Assets/Sprites/FireIdle/fire_idle1.png using Guid(fbe0fe19ec97ace4c93021bdf549ccf6) Importer(815301076,1909f56bfc062723c751e8b465ee728b)  -> (artifact id: '8fa793c94d9d32546d6a5719bbf250c2') in 0.034911 seconds 
  Import took 0.041668 seconds .

========================================================================
Received Import Request.
  Time since last request: 0.096540 seconds.
  path: Assets/Sprites/FireIdle/fire_idle4.png
  artifactKey: Guid(26e51e1ec8cbd1840895dc7c377336c5) Importer(815301076,1909f56bfc062723c751e8b465ee728b)
Start importing Assets/Sprites/FireIdle/fire_idle4.png using Guid(26e51e1ec8cbd1840895dc7c377336c5) Importer(815301076,1909f56bfc062723c751e8b465ee728b)  -> (artifact id: '2566aa68eacfb4ae8d5fcbb0c91f65a9') in 0.023725 seconds 
  Import took 0.028697 seconds .

========================================================================
Received Import Request.
  Time since last request: 0.000925 seconds.
  path: Assets/Sprites/FireRunning/fire_run1.png
  artifactKey: Guid(b10b3383b3b3220488ef86bfceb87ac5) Importer(815301076,1909f56bfc062723c751e8b465ee728b)
Start importing Assets/Sprites/FireRunning/fire_run1.png using Guid(b10b3383b3b3220488ef86bfceb87ac5) Importer(815301076,1909f56bfc062723c751e8b465ee728b)  -> (artifact id: 'f8c09b7edd6b95613c39ca71d54b7311') in 0.041665 seconds 
  Import took 0.045741 seconds .

========================================================================
Received Import Request.
  Time since last request: 0.000900 seconds.
  path: Assets/Sprites/FireRunning/fire_run2.png
  artifactKey: Guid(fd176b3879136bf46a9e12b71381b018) Importer(815301076,1909f56bfc062723c751e8b465ee728b)
Start importing Assets/Sprites/FireRunning/fire_run2.png using Guid(fd176b3879136bf46a9e12b71381b018) Importer(815301076,1909f56bfc062723c751e8b465ee728b)  -> (artifact id: '4f497342eb4210f69ddee38cc5ea65c1') in 0.046144 seconds 
  Import took 0.055600 seconds .

========================================================================
Received Import Request.
  Time since last request: 0.000468 seconds.
  path: Assets/Sprites/FireRunning/fire_run3.png
  artifactKey: Guid(2f7c78c31e5dcce479d0484e659412ec) Importer(815301076,1909f56bfc062723c751e8b465ee728b)
Start importing Assets/Sprites/FireRunning/fire_run3.png using Guid(2f7c78c31e5dcce479d0484e659412ec) Importer(815301076,1909f56bfc062723c751e8b465ee728b)  -> (artifact id: '906e11cdc35de7af0fff22600e56e128') in 0.039102 seconds 
  Import took 0.043060 seconds .

========================================================================
Received Import Request.
  Time since last request: 0.076875 seconds.
  path: Assets/Sprites/FireRunning/fire_run4.png
  artifactKey: Guid(f19d82fd34dec7a4f9ae51127392ebf9) Importer(815301076,1909f56bfc062723c751e8b465ee728b)
Start importing Assets/Sprites/FireRunning/fire_run4.png using Guid(f19d82fd34dec7a4f9ae51127392ebf9) Importer(815301076,1909f56bfc062723c751e8b465ee728b)  -> (artifact id: '9c6bb9caba12b6be8dd5d67e45999b0a') in 0.035527 seconds 
  Import took 0.039663 seconds .

========================================================================
Received Import Request.
  Time since last request: 0.000634 seconds.
  path: Assets/Sprites/fireball/fireball_flip1.png
  artifactKey: Guid(f64d04e9302f6ce46bd3ddf30fb3c044) Importer(815301076,1909f56bfc062723c751e8b465ee728b)
Start importing Assets/Sprites/fireball/fireball_flip1.png using Guid(f64d04e9302f6ce46bd3ddf30fb3c044) Importer(815301076,1909f56bfc062723c751e8b465ee728b)  -> (artifact id: '5be369751680507151f7302cb1cd3786') in 0.035965 seconds 
  Import took 0.043129 seconds .

========================================================================
Received Import Request.
  Time since last request: 0.164584 seconds.
  path: Assets/Sprites/fireball/fireball_flip2.png
  artifactKey: Guid(5a63282b32e61b646bc36195ff80fbb7) Importer(815301076,1909f56bfc062723c751e8b465ee728b)
Start importing Assets/Sprites/fireball/fireball_flip2.png using Guid(5a63282b32e61b646bc36195ff80fbb7) Importer(815301076,1909f56bfc062723c751e8b465ee728b)  -> (artifact id: '68303f8eb5f116e087039084ff0fc81e') in 0.034464 seconds 
  Import took 0.038329 seconds .

========================================================================
Received Import Request.
  Time since last request: 0.000306 seconds.
  path: Assets/Sprites/fireball/fireball_flip3.png
  artifactKey: Guid(63c5d045635388840afce05ee4819498) Importer(815301076,1909f56bfc062723c751e8b465ee728b)
Start importing Assets/Sprites/fireball/fireball_flip3.png using Guid(63c5d045635388840afce05ee4819498) Importer(815301076,1909f56bfc062723c751e8b465ee728b)  -> (artifact id: '62814c662c51eadba46473946e34d838') in 0.032112 seconds 
  Import took 0.037124 seconds .

========================================================================
Received Import Request.
  Time since last request: 0.000538 seconds.
  path: Assets/Sprites/fireball/fireball_move1.png
  artifactKey: Guid(a8946a41f66236546a963fe2d10a2b22) Importer(815301076,1909f56bfc062723c751e8b465ee728b)
Start importing Assets/Sprites/fireball/fireball_move1.png using Guid(a8946a41f66236546a963fe2d10a2b22) Importer(815301076,1909f56bfc062723c751e8b465ee728b)  -> (artifact id: '1762203f7a3385f95edebfabaa88631e') in 0.038302 seconds 
  Import took 0.044022 seconds .

========================================================================
Received Import Request.
  Time since last request: 0.000345 seconds.
  path: Assets/Sprites/fireball/fireball_flip4.png
  artifactKey: Guid(9e8ad24fde54cf24886db5bd4f5f4fb1) Importer(815301076,1909f56bfc062723c751e8b465ee728b)
Start importing Assets/Sprites/fireball/fireball_flip4.png using Guid(9e8ad24fde54cf24886db5bd4f5f4fb1) Importer(815301076,1909f56bfc062723c751e8b465ee728b)  -> (artifact id: 'f8f95544070ac6fe047b628123b4f7bc') in 0.031710 seconds 
  Import took 0.035076 seconds .

========================================================================
Received Import Request.
  Time since last request: 0.081052 seconds.
  path: Assets/Sprites/fireball/fireball_move3.png
  artifactKey: Guid(d5cf66836b225964090894bce57e858c) Importer(815301076,1909f56bfc062723c751e8b465ee728b)
Start importing Assets/Sprites/fireball/fireball_move3.png using Guid(d5cf66836b225964090894bce57e858c) Importer(815301076,1909f56bfc062723c751e8b465ee728b)  -> (artifact id: 'a67653342565ef60bbf930e7ab48923c') in 0.036507 seconds 
  Import took 0.042677 seconds .

========================================================================
Received Import Request.
  Time since last request: 0.000352 seconds.
  path: Assets/Sprites/fireball/fireball_move5.png
  artifactKey: Guid(6a1729a053eee274595d948df8ca6dbb) Importer(815301076,1909f56bfc062723c751e8b465ee728b)
Start importing Assets/Sprites/fireball/fireball_move5.png using Guid(6a1729a053eee274595d948df8ca6dbb) Importer(815301076,1909f56bfc062723c751e8b465ee728b)  -> (artifact id: '0ef5c8646f4c9e9851eb60893a4df0c0') in 0.036886 seconds 
  Import took 0.040238 seconds .

========================================================================
Received Import Request.
  Time since last request: 0.000307 seconds.
  path: Assets/Sprites/fireball/fireball_move7.png
  artifactKey: Guid(ba70da43acb293a46876d94db93eb056) Importer(815301076,1909f56bfc062723c751e8b465ee728b)
Start importing Assets/Sprites/fireball/fireball_move7.png using Guid(ba70da43acb293a46876d94db93eb056) Importer(815301076,1909f56bfc062723c751e8b465ee728b)  -> (artifact id: 'cd17c1d88ed89bf4e404336c9029ff94') in 0.045145 seconds 
  Import took 0.048865 seconds .

========================================================================
Received Import Request.
  Time since last request: 0.000293 seconds.
  path: Assets/Sprites/Bonus/hearth.png
  artifactKey: Guid(52741c6de78534a499cbd11a8801c90b) Importer(815301076,1909f56bfc062723c751e8b465ee728b)
Start importing Assets/Sprites/Bonus/hearth.png using Guid(52741c6de78534a499cbd11a8801c90b) Importer(815301076,1909f56bfc062723c751e8b465ee728b)  -> (artifact id: '1d49e13b6e088a493a47cd70b67f52f8') in 0.033341 seconds 
  Import took 0.039209 seconds .

========================================================================
Received Import Request.
  Time since last request: 0.000932 seconds.
  path: Assets/Sprites/fireball/fireball_move6.png
  artifactKey: Guid(28eba8440afcf43408eed210f060908e) Importer(815301076,1909f56bfc062723c751e8b465ee728b)
Start importing Assets/Sprites/fireball/fireball_move6.png using Guid(28eba8440afcf43408eed210f060908e) Importer(815301076,1909f56bfc062723c751e8b465ee728b)  -> (artifact id: '1012c419525d7c2948a8d9bda2a9b686') in 0.035646 seconds 
  Import took 0.041238 seconds .

========================================================================
Received Import Request.
  Time since last request: 0.000335 seconds.
  path: Assets/Sprites/fireball/fireball_move4.png
  artifactKey: Guid(47ef6f1cddb5c8a4fa8871d5295f5ae4) Importer(815301076,1909f56bfc062723c751e8b465ee728b)
Start importing Assets/Sprites/fireball/fireball_move4.png using Guid(47ef6f1cddb5c8a4fa8871d5295f5ae4) Importer(815301076,1909f56bfc062723c751e8b465ee728b)  -> (artifact id: '3fd9d77899a49d3a3aaad45047ed386b') in 0.032572 seconds 
  Import took 0.036743 seconds .

========================================================================
Received Import Request.
  Time since last request: 0.160295 seconds.
  path: Assets/Sprites/Ice_Idle/ice_idle1.png
  artifactKey: Guid(c22e9df76873eab4fb1602883d82fcad) Importer(815301076,1909f56bfc062723c751e8b465ee728b)
Start importing Assets/Sprites/Ice_Idle/ice_idle1.png using Guid(c22e9df76873eab4fb1602883d82fcad) Importer(815301076,1909f56bfc062723c751e8b465ee728b)  -> (artifact id: 'eb04bb0297aeafa4ad13055178258a98') in 0.031189 seconds 
  Import took 0.034651 seconds .

========================================================================
Received Import Request.
  Time since last request: 0.000318 seconds.
  path: Assets/Sprites/Ice_Idle/ice_idle3.png
  artifactKey: Guid(9a8afe396c48d7d4b9aa06a45a573009) Importer(815301076,1909f56bfc062723c751e8b465ee728b)
Start importing Assets/Sprites/Ice_Idle/ice_idle3.png using Guid(9a8afe396c48d7d4b9aa06a45a573009) Importer(815301076,1909f56bfc062723c751e8b465ee728b)  -> (artifact id: 'e3af6185cca248bdff99647a35155892') in 0.034668 seconds 
  Import took 0.038226 seconds .

========================================================================
Received Import Request.
  Time since last request: 0.000318 seconds.
  path: Assets/Sprites/Ice_Idle/ice_idle2.png
  artifactKey: Guid(6f42f5d3f1f0c0d41874abe1b92e57d4) Importer(815301076,1909f56bfc062723c751e8b465ee728b)
Start importing Assets/Sprites/Ice_Idle/ice_idle2.png using Guid(6f42f5d3f1f0c0d41874abe1b92e57d4) Importer(815301076,1909f56bfc062723c751e8b465ee728b)  -> (artifact id: 'a9d7a9000d06e85de8629e60b3f9af01') in 0.039956 seconds 
  Import took 0.046317 seconds .

========================================================================
Received Import Request.
  Time since last request: 0.000342 seconds.
  path: Assets/Sprites/Ice_Idle/ice_idle4.png
  artifactKey: Guid(94fe90a64d6ca5245babc7c0b562bf09) Importer(815301076,1909f56bfc062723c751e8b465ee728b)
Start importing Assets/Sprites/Ice_Idle/ice_idle4.png using Guid(94fe90a64d6ca5245babc7c0b562bf09) Importer(815301076,1909f56bfc062723c751e8b465ee728b)  -> (artifact id: '4824aeecb988109e01802d6fb99b3305') in 0.046606 seconds 
  Import took 0.050023 seconds .

========================================================================
Received Import Request.
  Time since last request: 0.083650 seconds.
  path: Assets/Sprites/Ice_Idle/ice_idle5.png
  artifactKey: Guid(53a953b0331dc7240a65dc43b78120f7) Importer(815301076,1909f56bfc062723c751e8b465ee728b)
Start importing Assets/Sprites/Ice_Idle/ice_idle5.png using Guid(53a953b0331dc7240a65dc43b78120f7) Importer(815301076,1909f56bfc062723c751e8b465ee728b)  -> (artifact id: '80ec0a5a35169795fe952eae1a69738a') in 0.031896 seconds 
  Import took 0.035186 seconds .

========================================================================
Received Import Request.
  Time since last request: 0.000327 seconds.
  path: Assets/Sprites/ice_melt/ice_melt1.png
  artifactKey: Guid(b345cda865e2e76449fc4ead583d9fa4) Importer(815301076,1909f56bfc062723c751e8b465ee728b)
Start importing Assets/Sprites/ice_melt/ice_melt1.png using Guid(b345cda865e2e76449fc4ead583d9fa4) Importer(815301076,1909f56bfc062723c751e8b465ee728b)  -> (artifact id: '1d187456fd74b9177de77e43e3519fe0') in 0.037258 seconds 
  Import took 0.047619 seconds .

========================================================================
Received Import Request.
  Time since last request: 0.000317 seconds.
  path: Assets/Sprites/ice_melt/ice_melt4.png
  artifactKey: Guid(a9e2b0d2011859a42aee7ea7fa0ed49c) Importer(815301076,1909f56bfc062723c751e8b465ee728b)
Start importing Assets/Sprites/ice_melt/ice_melt4.png using Guid(a9e2b0d2011859a42aee7ea7fa0ed49c) Importer(815301076,1909f56bfc062723c751e8b465ee728b)  -> (artifact id: '10d72c5418fa8f846230e13601db2345') in 0.048764 seconds 
  Import took 0.052504 seconds .

========================================================================
Received Import Request.
  Time since last request: 0.000615 seconds.
  path: Assets/Sprites/ice_melt/ice_melt2.png
  artifactKey: Guid(ec0388ef92b8c494a9a389df68f5d178) Importer(815301076,1909f56bfc062723c751e8b465ee728b)
Start importing Assets/Sprites/ice_melt/ice_melt2.png using Guid(ec0388ef92b8c494a9a389df68f5d178) Importer(815301076,1909f56bfc062723c751e8b465ee728b)  -> (artifact id: '2ce8c25ee92391f163c4e5bf8fd0ff0f') in 0.156705 seconds 
  Import took 0.163795 seconds .

========================================================================
Received Import Request.
  Time since last request: 0.000346 seconds.
  path: Assets/Sprites/ice_melt/ice_melt3.png
  artifactKey: Guid(a68191fca6cbef74da2509e80b918d26) Importer(815301076,1909f56bfc062723c751e8b465ee728b)
Start importing Assets/Sprites/ice_melt/ice_melt3.png using Guid(a68191fca6cbef74da2509e80b918d26) Importer(815301076,1909f56bfc062723c751e8b465ee728b)  -> (artifact id: '6a8cbb950ba60a205bc2b1474a3feb12') in 0.130208 seconds 
  Import took 0.133720 seconds .

========================================================================
Received Import Request.
  Time since last request: 0.000285 seconds.
  path: Assets/Sprites/ice_melt/ice_melt5.png
  artifactKey: Guid(b36f3a9fc39e81448831efaa2af04134) Importer(815301076,1909f56bfc062723c751e8b465ee728b)
Start importing Assets/Sprites/ice_melt/ice_melt5.png using Guid(b36f3a9fc39e81448831efaa2af04134) Importer(815301076,1909f56bfc062723c751e8b465ee728b)  -> (artifact id: 'db56409aff5f4e46ff7f3f8200dff87f') in 0.047490 seconds 
  Import took 0.057121 seconds .

========================================================================
Received Import Request.
  Time since last request: 0.001948 seconds.
  path: Assets/Sprites/ice_melt/ice_melt6.png
  artifactKey: Guid(ef7168af54c286f41982da0978dad0aa) Importer(815301076,1909f56bfc062723c751e8b465ee728b)
Start importing Assets/Sprites/ice_melt/ice_melt6.png using Guid(ef7168af54c286f41982da0978dad0aa) Importer(815301076,1909f56bfc062723c751e8b465ee728b)  -> (artifact id: '1b68dd35200e46c4e40009d97a4be14b') in 0.047846 seconds 
  Import took 0.052774 seconds .

========================================================================
Received Import Request.
  Time since last request: 0.000291 seconds.
  path: Assets/Sprites/ice_run/ice_run1.png
  artifactKey: Guid(507ffb8d13c1a4e478cd3b2e2bb12614) Importer(815301076,1909f56bfc062723c751e8b465ee728b)
Start importing Assets/Sprites/ice_run/ice_run1.png using Guid(507ffb8d13c1a4e478cd3b2e2bb12614) Importer(815301076,1909f56bfc062723c751e8b465ee728b)  -> (artifact id: 'f773b409466a343e146ed1110f1b37e3') in 0.044301 seconds 
  Import took 0.047887 seconds .

========================================================================
Received Import Request.
  Time since last request: 0.000246 seconds.
  path: Assets/Sprites/ice_run/ice_run5.png
  artifactKey: Guid(1720dee3074a07b4f9a39681ab7e2c94) Importer(815301076,1909f56bfc062723c751e8b465ee728b)
Start importing Assets/Sprites/ice_run/ice_run5.png using Guid(1720dee3074a07b4f9a39681ab7e2c94) Importer(815301076,1909f56bfc062723c751e8b465ee728b)  -> (artifact id: '1a0e33de50633fa33bad67931bb33047') in 0.045542 seconds 
  Import took 0.048522 seconds .

========================================================================
Received Import Request.
  Time since last request: 0.000232 seconds.
  path: Assets/Sprites/ice_melt/ice_melt7.png
  artifactKey: Guid(f695f3b63205aa34c8e0cccb998706e4) Importer(815301076,1909f56bfc062723c751e8b465ee728b)
Start importing Assets/Sprites/ice_melt/ice_melt7.png using Guid(f695f3b63205aa34c8e0cccb998706e4) Importer(815301076,1909f56bfc062723c751e8b465ee728b)  -> (artifact id: 'f5933bc9b81c6b20e295daad4676a468') in 0.037932 seconds 
  Import took 0.041447 seconds .

========================================================================
Received Import Request.
  Time since last request: 0.000852 seconds.
  path: Assets/Sprites/ice_run/ice_run3.png
  artifactKey: Guid(96f7f464d639cf94296ff78a7edecab9) Importer(815301076,1909f56bfc062723c751e8b465ee728b)
Start importing Assets/Sprites/ice_run/ice_run3.png using Guid(96f7f464d639cf94296ff78a7edecab9) Importer(815301076,1909f56bfc062723c751e8b465ee728b)  -> (artifact id: '7c361ba3ba7b295c3b3d24dae018713e') in 0.044070 seconds 
  Import took 0.054311 seconds .

========================================================================
Received Import Request.
  Time since last request: 0.000295 seconds.
  path: Assets/Sprites/ice_run/ice_run6.png
  artifactKey: Guid(954547946e07e1f41bcec58827340e49) Importer(815301076,1909f56bfc062723c751e8b465ee728b)
Start importing Assets/Sprites/ice_run/ice_run6.png using Guid(954547946e07e1f41bcec58827340e49) Importer(815301076,1909f56bfc062723c751e8b465ee728b)  -> (artifact id: '45b456dcc9d5ccb04043e95ebcfc2ce6') in 0.051093 seconds 
  Import took 0.054741 seconds .

========================================================================
Received Import Request.
  Time since last request: 0.000253 seconds.
  path: Assets/Sprites/ice_run/ice_run2.png
  artifactKey: Guid(4d44e4516a55ceb49bf75bd79ef88e69) Importer(815301076,1909f56bfc062723c751e8b465ee728b)
Start importing Assets/Sprites/ice_run/ice_run2.png using Guid(4d44e4516a55ceb49bf75bd79ef88e69) Importer(815301076,1909f56bfc062723c751e8b465ee728b)  -> (artifact id: '26e0c27e4df4e85167009b01f6447687') in 0.047144 seconds 
  Import took 0.051131 seconds .

========================================================================
Received Import Request.
  Time since last request: 0.000257 seconds.
  path: Assets/Sprites/Tiles/platform_block.png
  artifactKey: Guid(a4b1170bfa65df34abc707929070c55a) Importer(815301076,1909f56bfc062723c751e8b465ee728b)
Start importing Assets/Sprites/Tiles/platform_block.png using Guid(a4b1170bfa65df34abc707929070c55a) Importer(815301076,1909f56bfc062723c751e8b465ee728b)  -> (artifact id: '24fb2c3bf14236aa3f2762e10045f6a7') in 0.032856 seconds 
  Import took 0.036504 seconds .

========================================================================
Received Import Request.
  Time since last request: 0.000287 seconds.
  path: Assets/Sprites/ice_run/ice_run7.png
  artifactKey: Guid(3a0d8afee4f7fd24db115cc51149bd29) Importer(815301076,1909f56bfc062723c751e8b465ee728b)
Start importing Assets/Sprites/ice_run/ice_run7.png using Guid(3a0d8afee4f7fd24db115cc51149bd29) Importer(815301076,1909f56bfc062723c751e8b465ee728b)  -> (artifact id: '3637f48f6ff49bdc4fb9d19057daabe8') in 0.051574 seconds 
  Import took 0.059188 seconds .

========================================================================
Received Import Request.
  Time since last request: 0.000229 seconds.
  path: Assets/Sprites/Tiles/wall_block.png
  artifactKey: Guid(9da89bb7c3582894d80ba672058ec7fc) Importer(815301076,1909f56bfc062723c751e8b465ee728b)
Start importing Assets/Sprites/Tiles/wall_block.png using Guid(9da89bb7c3582894d80ba672058ec7fc) Importer(815301076,1909f56bfc062723c751e8b465ee728b)  -> (artifact id: 'cc879048033055fd9980eb6d3e48cd53') in 0.035902 seconds 
  Import took 0.039502 seconds .

========================================================================
Received Import Request.
  Time since last request: 0.000263 seconds.
  path: Assets/Sprites/Thermometer/thermometer.png
  artifactKey: Guid(84e4291e1cb329440ae1a05f6492bef0) Importer(815301076,1909f56bfc062723c751e8b465ee728b)
Start importing Assets/Sprites/Thermometer/thermometer.png using Guid(84e4291e1cb329440ae1a05f6492bef0) Importer(815301076,1909f56bfc062723c751e8b465ee728b)  -> (artifact id: 'f040eed2833de50f4b8f400291cea62b') in 0.045358 seconds 
  Import took 0.050048 seconds .

========================================================================
Received Import Request.
  Time since last request: 0.000298 seconds.
  path: Assets/Sprites/ice_run/ice_run4.png
  artifactKey: Guid(49a6354fcf79fa445bd0e11a923d1055) Importer(815301076,1909f56bfc062723c751e8b465ee728b)
Start importing Assets/Sprites/ice_run/ice_run4.png using Guid(49a6354fcf79fa445bd0e11a923d1055) Importer(815301076,1909f56bfc062723c751e8b465ee728b)  -> (artifact id: 'd7fb7e39f44f319968b6a2b36722eeb2') in 0.048544 seconds 
  Import took 0.057372 seconds .

========================================================================
Received Import Request.
  Time since last request: 0.000256 seconds.
  path: Assets/Sprites/Thermometer/thermo_bar.png
  artifactKey: Guid(b61ac99ad34b5024c9c6fc8e9ec2886d) Importer(815301076,1909f56bfc062723c751e8b465ee728b)
Start importing Assets/Sprites/Thermometer/thermo_bar.png using Guid(b61ac99ad34b5024c9c6fc8e9ec2886d) Importer(815301076,1909f56bfc062723c751e8b465ee728b)  -> (artifact id: 'ed379db3763c2e07391e072234d02ded') in 0.037889 seconds 
  Import took 0.041216 seconds .

========================================================================
Received Import Request.
  Time since last request: 0.075739 seconds.
  path: Assets/Sprites/Bonus/wood.png
  artifactKey: Guid(2be009f3d8ae59a4d817238991ad7ce3) Importer(815301076,1909f56bfc062723c751e8b465ee728b)
Start importing Assets/Sprites/Bonus/wood.png using Guid(2be009f3d8ae59a4d817238991ad7ce3) Importer(815301076,1909f56bfc062723c751e8b465ee728b)  -> (artifact id: '1830d3fef62eecc1d2df14bd20557a03') in 0.031914 seconds 
  Import took 0.035663 seconds .

========================================================================
Received Prepare
Registering precompiled user dll's ...
Registered in 0.015956 seconds.
Begin MonoManager ReloadAssembly
Native extension for WindowsStandalone target not found
Native extension for OSXStandalone target not found
Refreshing native plugins compatible for Editor in 0.46 ms, found 3 plugins.
Preloading 0 native plugins for Editor in 0.00 ms.
Mono: successfully reloaded assembly
- Completed reload, in  1.326 seconds
Domain Reload Profiling:
	ReloadAssembly (1327ms)
		BeginReloadAssembly (162ms)
			ExecutionOrderSort (0ms)
			DisableScriptedObjects (6ms)
			BackupInstance (0ms)
			ReleaseScriptingObjects (0ms)
			CreateAndSetChildDomain (40ms)
		EndReloadAssembly (1080ms)
			LoadAssemblies (178ms)
			RebuildTransferFunctionScriptingTraits (0ms)
			SetupTypeCache (359ms)
			ReleaseScriptCaches (1ms)
			RebuildScriptCaches (60ms)
			SetupLoadedEditorAssemblies (386ms)
				LogAssemblyErrors (0ms)
				InitializePlatformSupportModulesInManaged (7ms)
				SetLoadedEditorAssemblies (0ms)
				RefreshPlugins (1ms)
				BeforeProcessingInitializeOnLoad (97ms)
				ProcessInitializeOnLoadAttributes (254ms)
				ProcessInitializeOnLoadMethodAttributes (15ms)
				AfterProcessingInitializeOnLoad (10ms)
				EditorAssembliesLoaded (0ms)
			ExecutionOrderSort2 (0ms)
			AwakeInstancesAfterBackupRestoration (9ms)
Platform modules already initialized, skipping
Refreshing native plugins compatible for Editor in 0.58 ms, found 3 plugins.
Preloading 0 native plugins for Editor in 0.00 ms.
Unloading 2231 Unused Serialized files (Serialized files now loaded: 0)
System memory in use before: 102.0 MB.
System memory in use after: 101.6 MB.

Unloading 28 unused Assets to reduce memory usage. Loaded Objects now: 2734.
Total: 4.532100 ms (FindLiveObjects: 0.328700 ms CreateObjectMapping: 0.140600 ms MarkObjects: 3.698900 ms  DeleteObjects: 0.362300 ms)

AssetImportParameters requested are different than current active one (requested -> active):
  custom:framework-win-MediaFoundation: 216162199b28c13a410421893ffa2e32 -> 
  custom:video-decoder-ogg-theora: a1e56fd34408186e4bbccfd4996cb3dc -> 
  custom:container-muxer-webm: aa71ff27fc2769a1b78a27578f13a17b -> 
  custom:container-demuxer-webm: 4f35f7cbe854078d1ac9338744f61a02 -> 
  custom:container-demuxer-ogg: 62fdf1f143b41e24485cea50d1cbac27 -> 
  custom:video-encoder-webm-vp8: eb34c28f22e8b96e1ab97ce403110664 -> 
  custom:video-decoder-webm-vp8: 9c59270c3fd7afecdb556c50c9e8de78 -> 
  custom:audio-decoder-ogg-vorbis: bf7c407c2cedff20999df2af8eb42d56 -> 
  custom:audio-encoder-webm-vorbis: bf7c407c2cedff20999df2af8eb42d56 -> 
========================================================================
Received Import Request.
  Time since last request: 30.643517 seconds.
  path: Assets/Sprites
  artifactKey: Guid(ef5d84d8e19441146abe03be41f12e6b) Importer(815301076,1909f56bfc062723c751e8b465ee728b)
Start importing Assets/Sprites using Guid(ef5d84d8e19441146abe03be41f12e6b) Importer(815301076,1909f56bfc062723c751e8b465ee728b)  -> (artifact id: 'f9bcfe5b9f51b2881afc397f92be7d17') in 0.014113 seconds 
  Import took 0.018702 seconds .

========================================================================
Received Import Request.
  Time since last request: 17.366005 seconds.
  path: Assets/Sprites/Square.png
  artifactKey: Guid(5104b9e141c320940bb068dc69065b3e) Importer(815301076,1909f56bfc062723c751e8b465ee728b)
Start importing Assets/Sprites/Square.png using Guid(5104b9e141c320940bb068dc69065b3e) Importer(815301076,1909f56bfc062723c751e8b465ee728b)  -> (artifact id: '4174f04e5d0b41735133b7fc428345ec') in 0.082767 seconds 
  Import took 0.087010 seconds .

========================================================================
Received Prepare
Registering precompiled user dll's ...
Registered in 0.014807 seconds.
Begin MonoManager ReloadAssembly
Native extension for WindowsStandalone target not found
Native extension for OSXStandalone target not found
Refreshing native plugins compatible for Editor in 0.50 ms, found 3 plugins.
Preloading 0 native plugins for Editor in 0.00 ms.
Mono: successfully reloaded assembly
- Completed reload, in  1.462 seconds
Domain Reload Profiling:
	ReloadAssembly (1462ms)
		BeginReloadAssembly (167ms)
			ExecutionOrderSort (0ms)
			DisableScriptedObjects (8ms)
			BackupInstance (0ms)
			ReleaseScriptingObjects (0ms)
			CreateAndSetChildDomain (40ms)
		EndReloadAssembly (1213ms)
			LoadAssemblies (182ms)
			RebuildTransferFunctionScriptingTraits (0ms)
			SetupTypeCache (453ms)
			ReleaseScriptCaches (1ms)
			RebuildScriptCaches (58ms)
			SetupLoadedEditorAssemblies (419ms)
				LogAssemblyErrors (0ms)
				InitializePlatformSupportModulesInManaged (6ms)
				SetLoadedEditorAssemblies (0ms)
				RefreshPlugins (1ms)
				BeforeProcessingInitializeOnLoad (100ms)
				ProcessInitializeOnLoadAttributes (287ms)
				ProcessInitializeOnLoadMethodAttributes (14ms)
				AfterProcessingInitializeOnLoad (11ms)
				EditorAssembliesLoaded (0ms)
			ExecutionOrderSort2 (0ms)
			AwakeInstancesAfterBackupRestoration (12ms)
Platform modules already initialized, skipping
Refreshing native plugins compatible for Editor in 0.47 ms, found 3 plugins.
Preloading 0 native plugins for Editor in 0.00 ms.
Unloading 2231 Unused Serialized files (Serialized files now loaded: 0)
System memory in use before: 102.0 MB.
System memory in use after: 101.6 MB.

Unloading 28 unused Assets to reduce memory usage. Loaded Objects now: 2737.
Total: 3.542600 ms (FindLiveObjects: 0.249300 ms CreateObjectMapping: 0.112600 ms MarkObjects: 2.894900 ms  DeleteObjects: 0.284200 ms)

AssetImportParameters requested are different than current active one (requested -> active):
  custom:framework-win-MediaFoundation: 216162199b28c13a410421893ffa2e32 -> 
  custom:video-decoder-ogg-theora: a1e56fd34408186e4bbccfd4996cb3dc -> 
  custom:container-muxer-webm: aa71ff27fc2769a1b78a27578f13a17b -> 
  custom:container-demuxer-webm: 4f35f7cbe854078d1ac9338744f61a02 -> 
  custom:container-demuxer-ogg: 62fdf1f143b41e24485cea50d1cbac27 -> 
  custom:video-encoder-webm-vp8: eb34c28f22e8b96e1ab97ce403110664 -> 
  custom:video-decoder-webm-vp8: 9c59270c3fd7afecdb556c50c9e8de78 -> 
  custom:audio-decoder-ogg-vorbis: bf7c407c2cedff20999df2af8eb42d56 -> 
  custom:audio-encoder-webm-vorbis: bf7c407c2cedff20999df2af8eb42d56 -> 
========================================================================
Received Prepare
Registering precompiled user dll's ...
Registered in 0.014886 seconds.
Begin MonoManager ReloadAssembly
Native extension for WindowsStandalone target not found
Native extension for OSXStandalone target not found
Refreshing native plugins compatible for Editor in 4.09 ms, found 3 plugins.
Preloading 0 native plugins for Editor in 0.00 ms.
Mono: successfully reloaded assembly
- Completed reload, in  1.458 seconds
Domain Reload Profiling:
	ReloadAssembly (1459ms)
		BeginReloadAssembly (198ms)
			ExecutionOrderSort (0ms)
			DisableScriptedObjects (8ms)
			BackupInstance (0ms)
			ReleaseScriptingObjects (0ms)
			CreateAndSetChildDomain (46ms)
		EndReloadAssembly (1164ms)
			LoadAssemblies (227ms)
			RebuildTransferFunctionScriptingTraits (0ms)
			SetupTypeCache (401ms)
			ReleaseScriptCaches (1ms)
			RebuildScriptCaches (50ms)
			SetupLoadedEditorAssemblies (408ms)
				LogAssemblyErrors (0ms)
				InitializePlatformSupportModulesInManaged (7ms)
				SetLoadedEditorAssemblies (1ms)
				RefreshPlugins (5ms)
				BeforeProcessingInitializeOnLoad (107ms)
				ProcessInitializeOnLoadAttributes (265ms)
				ProcessInitializeOnLoadMethodAttributes (16ms)
				AfterProcessingInitializeOnLoad (8ms)
				EditorAssembliesLoaded (0ms)
			ExecutionOrderSort2 (0ms)
			AwakeInstancesAfterBackupRestoration (13ms)
Platform modules already initialized, skipping
Refreshing native plugins compatible for Editor in 2.65 ms, found 3 plugins.
Preloading 0 native plugins for Editor in 0.00 ms.
Unloading 2231 Unused Serialized files (Serialized files now loaded: 0)
System memory in use before: 101.9 MB.
System memory in use after: 101.5 MB.

Unloading 28 unused Assets to reduce memory usage. Loaded Objects now: 2739.
Total: 7.591100 ms (FindLiveObjects: 1.380900 ms CreateObjectMapping: 1.385100 ms MarkObjects: 4.536300 ms  DeleteObjects: 0.287200 ms)

AssetImportParameters requested are different than current active one (requested -> active):
  custom:framework-win-MediaFoundation: 216162199b28c13a410421893ffa2e32 -> 
  custom:video-decoder-ogg-theora: a1e56fd34408186e4bbccfd4996cb3dc -> 
  custom:container-muxer-webm: aa71ff27fc2769a1b78a27578f13a17b -> 
  custom:container-demuxer-webm: 4f35f7cbe854078d1ac9338744f61a02 -> 
  custom:container-demuxer-ogg: 62fdf1f143b41e24485cea50d1cbac27 -> 
  custom:video-encoder-webm-vp8: eb34c28f22e8b96e1ab97ce403110664 -> 
  custom:video-decoder-webm-vp8: 9c59270c3fd7afecdb556c50c9e8de78 -> 
  custom:audio-decoder-ogg-vorbis: bf7c407c2cedff20999df2af8eb42d56 -> 
  custom:audio-encoder-webm-vorbis: bf7c407c2cedff20999df2af8eb42d56 -> 
========================================================================
Received Prepare
Registering precompiled user dll's ...
Registered in 0.014084 seconds.
Begin MonoManager ReloadAssembly
Native extension for WindowsStandalone target not found
Native extension for OSXStandalone target not found
Refreshing native plugins compatible for Editor in 1.74 ms, found 3 plugins.
Preloading 0 native plugins for Editor in 0.00 ms.
Mono: successfully reloaded assembly
- Completed reload, in  1.434 seconds
Domain Reload Profiling:
	ReloadAssembly (1434ms)
		BeginReloadAssembly (164ms)
			ExecutionOrderSort (0ms)
			DisableScriptedObjects (6ms)
			BackupInstance (0ms)
			ReleaseScriptingObjects (0ms)
			CreateAndSetChildDomain (38ms)
		EndReloadAssembly (1193ms)
			LoadAssemblies (181ms)
			RebuildTransferFunctionScriptingTraits (0ms)
			SetupTypeCache (430ms)
			ReleaseScriptCaches (1ms)
			RebuildScriptCaches (51ms)
			SetupLoadedEditorAssemblies (434ms)
				LogAssemblyErrors (0ms)
				InitializePlatformSupportModulesInManaged (6ms)
				SetLoadedEditorAssemblies (1ms)
				RefreshPlugins (2ms)
				BeforeProcessingInitializeOnLoad (103ms)
				ProcessInitializeOnLoadAttributes (298ms)
				ProcessInitializeOnLoadMethodAttributes (13ms)
				AfterProcessingInitializeOnLoad (10ms)
				EditorAssembliesLoaded (0ms)
			ExecutionOrderSort2 (0ms)
			AwakeInstancesAfterBackupRestoration (12ms)
Platform modules already initialized, skipping
Refreshing native plugins compatible for Editor in 0.49 ms, found 3 plugins.
Preloading 0 native plugins for Editor in 0.00 ms.
Unloading 2231 Unused Serialized files (Serialized files now loaded: 0)
System memory in use before: 102.0 MB.
System memory in use after: 101.6 MB.

Unloading 28 unused Assets to reduce memory usage. Loaded Objects now: 2741.
Total: 3.499700 ms (FindLiveObjects: 0.227300 ms CreateObjectMapping: 0.107900 ms MarkObjects: 2.878400 ms  DeleteObjects: 0.284700 ms)

AssetImportParameters requested are different than current active one (requested -> active):
  custom:framework-win-MediaFoundation: 216162199b28c13a410421893ffa2e32 -> 
  custom:video-decoder-ogg-theora: a1e56fd34408186e4bbccfd4996cb3dc -> 
  custom:container-muxer-webm: aa71ff27fc2769a1b78a27578f13a17b -> 
  custom:container-demuxer-webm: 4f35f7cbe854078d1ac9338744f61a02 -> 
  custom:container-demuxer-ogg: 62fdf1f143b41e24485cea50d1cbac27 -> 
  custom:video-encoder-webm-vp8: eb34c28f22e8b96e1ab97ce403110664 -> 
  custom:video-decoder-webm-vp8: 9c59270c3fd7afecdb556c50c9e8de78 -> 
  custom:audio-decoder-ogg-vorbis: bf7c407c2cedff20999df2af8eb42d56 -> 
  custom:audio-encoder-webm-vorbis: bf7c407c2cedff20999df2af8eb42d56 -> 
========================================================================
Received Prepare
Registering precompiled user dll's ...
Registered in 0.010887 seconds.
Begin MonoManager ReloadAssembly
Native extension for WindowsStandalone target not found
Native extension for OSXStandalone target not found
Refreshing native plugins compatible for Editor in 0.46 ms, found 3 plugins.
Preloading 0 native plugins for Editor in 0.00 ms.
Mono: successfully reloaded assembly
- Completed reload, in  1.321 seconds
Domain Reload Profiling:
	ReloadAssembly (1321ms)
		BeginReloadAssembly (162ms)
			ExecutionOrderSort (0ms)
			DisableScriptedObjects (8ms)
			BackupInstance (0ms)
			ReleaseScriptingObjects (0ms)
			CreateAndSetChildDomain (39ms)
		EndReloadAssembly (1085ms)
			LoadAssemblies (168ms)
			RebuildTransferFunctionScriptingTraits (0ms)
			SetupTypeCache (358ms)
			ReleaseScriptCaches (1ms)
			RebuildScriptCaches (52ms)
			SetupLoadedEditorAssemblies (415ms)
				LogAssemblyErrors (0ms)
				InitializePlatformSupportModulesInManaged (6ms)
				SetLoadedEditorAssemblies (0ms)
				RefreshPlugins (1ms)
				BeforeProcessingInitializeOnLoad (127ms)
				ProcessInitializeOnLoadAttributes (257ms)
				ProcessInitializeOnLoadMethodAttributes (14ms)
				AfterProcessingInitializeOnLoad (9ms)
				EditorAssembliesLoaded (0ms)
			ExecutionOrderSort2 (0ms)
			AwakeInstancesAfterBackupRestoration (8ms)
Platform modules already initialized, skipping
Refreshing native plugins compatible for Editor in 0.49 ms, found 3 plugins.
Preloading 0 native plugins for Editor in 0.00 ms.
Unloading 2231 Unused Serialized files (Serialized files now loaded: 0)
System memory in use before: 102.0 MB.
System memory in use after: 101.6 MB.

Unloading 28 unused Assets to reduce memory usage. Loaded Objects now: 2743.
Total: 6.304200 ms (FindLiveObjects: 0.216200 ms CreateObjectMapping: 0.106800 ms MarkObjects: 5.169600 ms  DeleteObjects: 0.806600 ms)

AssetImportParameters requested are different than current active one (requested -> active):
  custom:framework-win-MediaFoundation: 216162199b28c13a410421893ffa2e32 -> 
  custom:video-decoder-ogg-theora: a1e56fd34408186e4bbccfd4996cb3dc -> 
  custom:container-muxer-webm: aa71ff27fc2769a1b78a27578f13a17b -> 
  custom:container-demuxer-webm: 4f35f7cbe854078d1ac9338744f61a02 -> 
  custom:container-demuxer-ogg: 62fdf1f143b41e24485cea50d1cbac27 -> 
  custom:video-encoder-webm-vp8: eb34c28f22e8b96e1ab97ce403110664 -> 
  custom:video-decoder-webm-vp8: 9c59270c3fd7afecdb556c50c9e8de78 -> 
  custom:audio-decoder-ogg-vorbis: bf7c407c2cedff20999df2af8eb42d56 -> 
  custom:audio-encoder-webm-vorbis: bf7c407c2cedff20999df2af8eb42d56 -> 
========================================================================
Received Import Request.
  Time since last request: 304.681440 seconds.
  path: Assets/Scripts/SoujndManager.cs
  artifactKey: Guid(257eff1cb1148824798433c3f1e3f73d) Importer(815301076,1909f56bfc062723c751e8b465ee728b)
Start importing Assets/Scripts/SoujndManager.cs using Guid(257eff1cb1148824798433c3f1e3f73d) Importer(815301076,1909f56bfc062723c751e8b465ee728b)  -> (artifact id: '410a697fb94ef3baba6f40b4bba51634') in 0.015631 seconds 
  Import took 0.020270 seconds .

========================================================================
Received Prepare
Registering precompiled user dll's ...
Registered in 0.017319 seconds.
Begin MonoManager ReloadAssembly
Native extension for WindowsStandalone target not found
Native extension for OSXStandalone target not found
Refreshing native plugins compatible for Editor in 0.49 ms, found 3 plugins.
Preloading 0 native plugins for Editor in 0.00 ms.
Mono: successfully reloaded assembly
- Completed reload, in  1.293 seconds
Domain Reload Profiling:
	ReloadAssembly (1294ms)
		BeginReloadAssembly (156ms)
			ExecutionOrderSort (0ms)
			DisableScriptedObjects (7ms)
			BackupInstance (0ms)
			ReleaseScriptingObjects (0ms)
			CreateAndSetChildDomain (41ms)
		EndReloadAssembly (1064ms)
			LoadAssemblies (169ms)
			RebuildTransferFunctionScriptingTraits (0ms)
			SetupTypeCache (362ms)
			ReleaseScriptCaches (1ms)
			RebuildScriptCaches (51ms)
			SetupLoadedEditorAssemblies (389ms)
				LogAssemblyErrors (0ms)
				InitializePlatformSupportModulesInManaged (9ms)
				SetLoadedEditorAssemblies (1ms)
				RefreshPlugins (1ms)
				BeforeProcessingInitializeOnLoad (98ms)
				ProcessInitializeOnLoadAttributes (257ms)
				ProcessInitializeOnLoadMethodAttributes (14ms)
				AfterProcessingInitializeOnLoad (8ms)
				EditorAssembliesLoaded (0ms)
			ExecutionOrderSort2 (0ms)
			AwakeInstancesAfterBackupRestoration (10ms)
Platform modules already initialized, skipping
Refreshing native plugins compatible for Editor in 0.55 ms, found 3 plugins.
Preloading 0 native plugins for Editor in 0.00 ms.
Unloading 2232 Unused Serialized files (Serialized files now loaded: 0)
System memory in use before: 102.0 MB.
System memory in use after: 101.7 MB.

Unloading 28 unused Assets to reduce memory usage. Loaded Objects now: 2746.
Total: 7.499500 ms (FindLiveObjects: 0.232000 ms CreateObjectMapping: 0.159300 ms MarkObjects: 6.065900 ms  DeleteObjects: 1.036600 ms)

AssetImportParameters requested are different than current active one (requested -> active):
  custom:framework-win-MediaFoundation: 216162199b28c13a410421893ffa2e32 -> 
  custom:video-decoder-ogg-theora: a1e56fd34408186e4bbccfd4996cb3dc -> 
  custom:container-muxer-webm: aa71ff27fc2769a1b78a27578f13a17b -> 
  custom:container-demuxer-webm: 4f35f7cbe854078d1ac9338744f61a02 -> 
  custom:container-demuxer-ogg: 62fdf1f143b41e24485cea50d1cbac27 -> 
  custom:video-encoder-webm-vp8: eb34c28f22e8b96e1ab97ce403110664 -> 
  custom:video-decoder-webm-vp8: 9c59270c3fd7afecdb556c50c9e8de78 -> 
  custom:audio-decoder-ogg-vorbis: bf7c407c2cedff20999df2af8eb42d56 -> 
  custom:audio-encoder-webm-vorbis: bf7c407c2cedff20999df2af8eb42d56 -> 
========================================================================
Received Import Request.
  Time since last request: 11.970174 seconds.
  path: Assets/Scripts/SoujndManager.cs
  artifactKey: Guid(257eff1cb1148824798433c3f1e3f73d) Importer(815301076,1909f56bfc062723c751e8b465ee728b)
Start importing Assets/Scripts/SoujndManager.cs using Guid(257eff1cb1148824798433c3f1e3f73d) Importer(815301076,1909f56bfc062723c751e8b465ee728b)  -> (artifact id: 'ca65bc9fe6347c346bf172e092835a10') in 0.010174 seconds 
  Import took 0.016163 seconds .

========================================================================
Received Import Request.
  Time since last request: 27.061834 seconds.
  path: Assets/Scripts/snowblock.cs
  artifactKey: Guid(62c8085c256a02e48bc32910f7ffe1d6) Importer(815301076,1909f56bfc062723c751e8b465ee728b)
Start importing Assets/Scripts/snowblock.cs using Guid(62c8085c256a02e48bc32910f7ffe1d6) Importer(815301076,1909f56bfc062723c751e8b465ee728b)  -> (artifact id: 'b8f53a610d2bb95d56b16e9252162abe') in 0.009863 seconds 
  Import took 0.013241 seconds .

========================================================================
Received Import Request.
  Time since last request: 8.537071 seconds.
  path: Assets/Scripts/SoundManager.cs
  artifactKey: Guid(257eff1cb1148824798433c3f1e3f73d) Importer(815301076,1909f56bfc062723c751e8b465ee728b)
Start importing Assets/Scripts/SoundManager.cs using Guid(257eff1cb1148824798433c3f1e3f73d) Importer(815301076,1909f56bfc062723c751e8b465ee728b)  -> (artifact id: 'bbc43e3564cbb952197bbbfe86d25e28') in 0.010447 seconds 
  Import took 0.014123 seconds .

========================================================================
Received Prepare
Registering precompiled user dll's ...
Registered in 0.017202 seconds.
Begin MonoManager ReloadAssembly
Native extension for WindowsStandalone target not found
Native extension for OSXStandalone target not found
Refreshing native plugins compatible for Editor in 0.48 ms, found 3 plugins.
Preloading 0 native plugins for Editor in 0.00 ms.
Mono: successfully reloaded assembly
- Completed reload, in  1.366 seconds
Domain Reload Profiling:
	ReloadAssembly (1367ms)
		BeginReloadAssembly (175ms)
			ExecutionOrderSort (0ms)
			DisableScriptedObjects (6ms)
			BackupInstance (0ms)
			ReleaseScriptingObjects (0ms)
			CreateAndSetChildDomain (40ms)
		EndReloadAssembly (1098ms)
			LoadAssemblies (190ms)
			RebuildTransferFunctionScriptingTraits (0ms)
			SetupTypeCache (378ms)
			ReleaseScriptCaches (1ms)
			RebuildScriptCaches (50ms)
			SetupLoadedEditorAssemblies (393ms)
				LogAssemblyErrors (0ms)
				InitializePlatformSupportModulesInManaged (10ms)
				SetLoadedEditorAssemblies (0ms)
				RefreshPlugins (1ms)
				BeforeProcessingInitializeOnLoad (101ms)
				ProcessInitializeOnLoadAttributes (255ms)
				ProcessInitializeOnLoadMethodAttributes (16ms)
				AfterProcessingInitializeOnLoad (10ms)
				EditorAssembliesLoaded (0ms)
			ExecutionOrderSort2 (0ms)
			AwakeInstancesAfterBackupRestoration (9ms)
Platform modules already initialized, skipping
Refreshing native plugins compatible for Editor in 0.54 ms, found 3 plugins.
Preloading 0 native plugins for Editor in 0.00 ms.
Unloading 2232 Unused Serialized files (Serialized files now loaded: 0)
System memory in use before: 102.0 MB.
System memory in use after: 101.7 MB.

Unloading 28 unused Assets to reduce memory usage. Loaded Objects now: 2748.
Total: 5.522100 ms (FindLiveObjects: 0.230900 ms CreateObjectMapping: 0.106300 ms MarkObjects: 4.543700 ms  DeleteObjects: 0.635700 ms)

AssetImportParameters requested are different than current active one (requested -> active):
  custom:framework-win-MediaFoundation: 216162199b28c13a410421893ffa2e32 -> 
  custom:video-decoder-ogg-theora: a1e56fd34408186e4bbccfd4996cb3dc -> 
  custom:container-muxer-webm: aa71ff27fc2769a1b78a27578f13a17b -> 
  custom:container-demuxer-webm: 4f35f7cbe854078d1ac9338744f61a02 -> 
  custom:container-demuxer-ogg: 62fdf1f143b41e24485cea50d1cbac27 -> 
  custom:video-encoder-webm-vp8: eb34c28f22e8b96e1ab97ce403110664 -> 
  custom:video-decoder-webm-vp8: 9c59270c3fd7afecdb556c50c9e8de78 -> 
  custom:audio-decoder-ogg-vorbis: bf7c407c2cedff20999df2af8eb42d56 -> 
  custom:audio-encoder-webm-vorbis: bf7c407c2cedff20999df2af8eb42d56 -> 
========================================================================
Received Import Request.
  Time since last request: 37.819336 seconds.
  path: Assets/Sprites/Tiles/snow_block.asset
  artifactKey: Guid(1dc8581ec35db8845a37317da1bf8340) Importer(815301076,1909f56bfc062723c751e8b465ee728b)
Start importing Assets/Sprites/Tiles/snow_block.asset using Guid(1dc8581ec35db8845a37317da1bf8340) Importer(815301076,1909f56bfc062723c751e8b465ee728b)  -> (artifact id: 'd6e7cd3591b520f7c4d7cb11f18a81a1') in 0.075831 seconds 
  Import took 0.080740 seconds .

